# JRE version: Java(TM) SE Runtime Environment (8.0_201-b09) (build 1.8.0_201-b09)
# Java VM: Java HotSpot(TM) 64-Bit Server VM (25.201-b09 mixed mode windows-amd64 compressed oops)
Heap:
 PSYoungGen      total 201216K, used 4112K [0x000000076b400000, 0x0000000778b80000, 0x00000007c0000000)
  eden space 182784K, 2% used [0x000000076b400000,0x000000076b804338,0x0000000776680000)
  from space 18432K, 0% used [0x0000000777980000,0x0000000777980000,0x0000000778b80000)
  to   space 18944K, 0% used [0x0000000776680000,0x0000000776680000,0x0000000777900000)
 ParOldGen       total 178688K, used 21003K [0x00000006c1c00000, 0x00000006cca80000, 0x000000076b400000)
  object space 178688K, 11% used [0x00000006c1c00000,0x00000006c3082f58,0x00000006cca80000)
 Metaspace       used 49540K, capacity 51622K, committed 51712K, reserved 1093632K
  class space    used 6704K, capacity 7097K, committed 7168K, reserved 1048576K
GC Heap History (10 events):
Event: 2.996 GC heap before
{Heap before GC invocations=7 (full 1):
 PSYoungGen      total 134656K, used 116665K [0x000000076b400000, 0x0000000775400000, 0x00000007c0000000)
  eden space 123904K, 85% used [0x000000076b400000,0x0000000771b78088,0x0000000772d00000)
  from space 10752K, 99% used [0x0000000772d00000,0x0000000773776460,0x0000000773780000)
  to   space 14336K, 0% used [0x0000000774600000,0x0000000774600000,0x0000000775400000)
 ParOldGen       total 110080K, used 9842K [0x00000006c1c00000, 0x00000006c8780000, 0x000000076b400000)
  object space 110080K, 8% used [0x00000006c1c00000,0x00000006c259c838,0x00000006c8780000)
 Metaspace       used 33957K, capacity 35412K, committed 35456K, reserved 1079296K
  class space    used 4436K, capacity 4721K, committed 4736K, reserved 1048576K
Event: 3.006 GC heap after
Heap after GC invocations=7 (full 1):
 PSYoungGen      total 146432K, used 14316K [0x000000076b400000, 0x0000000778100000, 0x00000007c0000000)
  eden space 132096K, 0% used [0x000000076b400000,0x000000076b400000,0x0000000773500000)
  from space 14336K, 99% used [0x0000000774600000,0x00000007753fb3e0,0x0000000775400000)
  to   space 17408K, 0% used [0x0000000773500000,0x0000000773500000,0x0000000774600000)
 ParOldGen       total 110080K, used 10330K [0x00000006c1c00000, 0x00000006c8780000, 0x000000076b400000)
  object space 110080K, 9% used [0x00000006c1c00000,0x00000006c2616b98,0x00000006c8780000)
 Metaspace       used 33957K, capacity 35412K, committed 35456K, reserved 1079296K
  class space    used 4436K, capacity 4721K, committed 4736K, reserved 1048576K
}
Event: 3.007 GC heap before
{Heap before GC invocations=8 (full 2):
 PSYoungGen      total 146432K, used 14316K [0x000000076b400000, 0x0000000778100000, 0x00000007c0000000)
  eden space 132096K, 0% used [0x000000076b400000,0x000000076b400000,0x0000000773500000)
  from space 14336K, 99% used [0x0000000774600000,0x00000007753fb3e0,0x0000000775400000)
  to   space 17408K, 0% used [0x0000000773500000,0x0000000773500000,0x0000000774600000)
 ParOldGen       total 110080K, used 10330K [0x00000006c1c00000, 0x00000006c8780000, 0x000000076b400000)
  object space 110080K, 9% used [0x00000006c1c00000,0x00000006c2616b98,0x00000006c8780000)
 Metaspace       used 33957K, capacity 35412K, committed 35456K, reserved 1079296K
  class space    used 4436K, capacity 4721K, committed 4736K, reserved 1048576K
Event: 3.050 GC heap after
Heap after GC invocations=8 (full 2):
 PSYoungGen      total 146432K, used 0K [0x000000076b400000, 0x0000000778100000, 0x00000007c0000000)
  eden space 132096K, 0% used [0x000000076b400000,0x000000076b400000,0x0000000773500000)
  from space 14336K, 0% used [0x0000000774600000,0x0000000774600000,0x0000000775400000)
  to   space 17408K, 0% used [0x0000000773500000,0x0000000773500000,0x0000000774600000)
 ParOldGen       total 178688K, used 19216K [0x00000006c1c00000, 0x00000006cca80000, 0x000000076b400000)
  object space 178688K, 10% used [0x00000006c1c00000,0x00000006c2ec4078,0x00000006cca80000)
 Metaspace       used 33957K, capacity 35412K, committed 35456K, reserved 1079296K
  class space    used 4436K, capacity 4721K, committed 4736K, reserved 1048576K
}
Event: 4.757 GC heap before
{Heap before GC invocations=9 (full 2):
 PSYoungGen      total 146432K, used 132096K [0x000000076b400000, 0x0000000778100000, 0x00000007c0000000)
  eden space 132096K, 100% used [0x000000076b400000,0x0000000773500000,0x0000000773500000)
  from space 14336K, 0% used [0x0000000774600000,0x0000000774600000,0x0000000775400000)
  to   space 17408K, 0% used [0x0000000773500000,0x0000000773500000,0x0000000774600000)
 ParOldGen       total 178688K, used 19216K [0x00000006c1c00000, 0x00000006cca80000, 0x000000076b400000)
  object space 178688K, 10% used [0x00000006c1c00000,0x00000006c2ec4078,0x00000006cca80000)
 Metaspace       used 46636K, capacity 48454K, committed 48768K, reserved 1091584K
  class space    used 6335K, capacity 6692K, committed 6784K, reserved 1048576K
Event: 4.772 GC heap after
Heap after GC invocations=9 (full 2):
 PSYoungGen      total 149504K, used 15259K [0x000000076b400000, 0x0000000778c80000, 0x00000007c0000000)
  eden space 132096K, 0% used [0x000000076b400000,0x000000076b400000,0x0000000773500000)
  from space 17408K, 87% used [0x0000000773500000,0x00000007743e6f60,0x0000000774600000)
  to   space 19456K, 0% used [0x0000000777980000,0x0000000777980000,0x0000000778c80000)
 ParOldGen       total 178688K, used 19224K [0x00000006c1c00000, 0x00000006cca80000, 0x000000076b400000)
  object space 178688K, 10% used [0x00000006c1c00000,0x00000006c2ec6078,0x00000006cca80000)
 Metaspace       used 46636K, capacity 48454K, committed 48768K, reserved 1091584K
  class space    used 6335K, capacity 6692K, committed 6784K, reserved 1048576K
}
Event: 173.539 GC heap before
{Heap before GC invocations=10 (full 2):
 PSYoungGen      total 149504K, used 81826K [0x000000076b400000, 0x0000000778c80000, 0x00000007c0000000)
  eden space 132096K, 50% used [0x000000076b400000,0x000000076f5018b0,0x0000000773500000)
  from space 17408K, 87% used [0x0000000773500000,0x00000007743e6f60,0x0000000774600000)
  to   space 19456K, 0% used [0x0000000777980000,0x0000000777980000,0x0000000778c80000)
 ParOldGen       total 178688K, used 19224K [0x00000006c1c00000, 0x00000006cca80000, 0x000000076b400000)
  object space 178688K, 10% used [0x00000006c1c00000,0x00000006c2ec6078,0x00000006cca80000)
 Metaspace       used 49536K, capacity 51622K, committed 51712K, reserved 1093632K
  class space    used 6702K, capacity 7097K, committed 7168K, reserved 1048576K
Event: 173.545 GC heap after
Heap after GC invocations=10 (full 2):
 PSYoungGen      total 201216K, used 7193K [0x000000076b400000, 0x0000000778b80000, 0x00000007c0000000)
  eden space 182784K, 0% used [0x000000076b400000,0x000000076b400000,0x0000000776680000)
  from space 18432K, 39% used [0x0000000777980000,0x00000007780866a0,0x0000000778b80000)
  to   space 18944K, 0% used [0x0000000776680000,0x0000000776680000,0x0000000777900000)
 ParOldGen       total 178688K, used 19232K [0x00000006c1c00000, 0x00000006cca80000, 0x000000076b400000)
  object space 178688K, 10% used [0x00000006c1c00000,0x00000006c2ec8078,0x00000006cca80000)
 Metaspace       used 49536K, capacity 51622K, committed 51712K, reserved 1093632K
  class space    used 6702K, capacity 7097K, committed 7168K, reserved 1048576K
}
Event: 173.545 GC heap before
{Heap before GC invocations=11 (full 3):
 PSYoungGen      total 201216K, used 7193K [0x000000076b400000, 0x0000000778b80000, 0x00000007c0000000)
  eden space 182784K, 0% used [0x000000076b400000,0x000000076b400000,0x0000000776680000)
  from space 18432K, 39% used [0x0000000777980000,0x00000007780866a0,0x0000000778b80000)
  to   space 18944K, 0% used [0x0000000776680000,0x0000000776680000,0x0000000777900000)
 ParOldGen       total 178688K, used 19232K [0x00000006c1c00000, 0x00000006cca80000, 0x000000076b400000)
  object space 178688K, 10% used [0x00000006c1c00000,0x00000006c2ec8078,0x00000006cca80000)
 Metaspace       used 49536K, capacity 51622K, committed 51712K, reserved 1093632K
  class space    used 6702K, capacity 7097K, committed 7168K, reserved 1048576K
Event: 173.650 GC heap after
Heap after GC invocations=11 (full 3):
 PSYoungGen      total 201216K, used 0K [0x000000076b400000, 0x0000000778b80000, 0x00000007c0000000)
  eden space 182784K, 0% used [0x000000076b400000,0x000000076b400000,0x0000000776680000)
  from space 18432K, 0% used [0x0000000777980000,0x0000000777980000,0x0000000778b80000)
  to   space 18944K, 0% used [0x0000000776680000,0x0000000776680000,0x0000000777900000)
 ParOldGen       total 178688K, used 21003K [0x00000006c1c00000, 0x00000006cca80000, 0x000000076b400000)
  object space 178688K, 11% used [0x00000006c1c00000,0x00000006c3082f58,0x00000006cca80000)
 Metaspace       used 49536K, capacity 51622K, committed 51712K, reserved 1093632K
  class space    used 6702K, capacity 7097K, committed 7168K, reserved 1048576K
}

