# JRE version: Java(TM) SE Runtime Environment (8.0_201-b09) (build 1.8.0_201-b09)
# Java VM: Java HotSpot(TM) 64-Bit Server VM (25.201-b09 mixed mode windows-amd64 compressed oops)
Heap:
 PSYoungGen      total 211456K, used 5155K [0x000000076b400000, 0x0000000779580000, 0x00000007c0000000)
  eden space 194048K, 2% used [0x000000076b400000,0x000000076b908d80,0x0000000777180000)
  from space 17408K, 0% used [0x0000000778480000,0x0000000778480000,0x0000000779580000)
  to   space 18432K, 0% used [0x0000000777180000,0x0000000777180000,0x0000000778380000)
 ParOldGen       total 171520K, used 21897K [0x00000006c1c00000, 0x00000006cc380000, 0x000000076b400000)
  object space 171520K, 12% used [0x00000006c1c00000,0x00000006c31625a0,0x00000006cc380000)
 Metaspace       used 50644K, capacity 52726K, committed 52864K, reserved 1095680K
  class space    used 6838K, capacity 7243K, committed 7296K, reserved 1048576K
GC Heap History (10 events):
Event: 3.225 GC heap before
{Heap before GC invocations=7 (full 1):
 PSYoungGen      total 134656K, used 114696K [0x000000076b400000, 0x0000000775900000, 0x00000007c0000000)
  eden space 123904K, 83% used [0x000000076b400000,0x0000000771986ca8,0x0000000772d00000)
  from space 10752K, 99% used [0x0000000772d00000,0x000000077377b588,0x0000000773780000)
  to   space 14336K, 0% used [0x0000000774b00000,0x0000000774b00000,0x0000000775900000)
 ParOldGen       total 107520K, used 10258K [0x00000006c1c00000, 0x00000006c8500000, 0x000000076b400000)
  object space 107520K, 9% used [0x00000006c1c00000,0x00000006c2604b40,0x00000006c8500000)
 Metaspace       used 33935K, capacity 35400K, committed 35456K, reserved 1079296K
  class space    used 4433K, capacity 4721K, committed 4736K, reserved 1048576K
Event: 3.235 GC heap after
Heap after GC invocations=7 (full 1):
 PSYoungGen      total 151552K, used 14335K [0x000000076b400000, 0x0000000778680000, 0x00000007c0000000)
  eden space 137216K, 0% used [0x000000076b400000,0x000000076b400000,0x0000000773a00000)
  from space 14336K, 99% used [0x0000000774b00000,0x00000007758ffff0,0x0000000775900000)
  to   space 17408K, 0% used [0x0000000773a00000,0x0000000773a00000,0x0000000774b00000)
 ParOldGen       total 107520K, used 10548K [0x00000006c1c00000, 0x00000006c8500000, 0x000000076b400000)
  object space 107520K, 9% used [0x00000006c1c00000,0x00000006c264d050,0x00000006c8500000)
 Metaspace       used 33935K, capacity 35400K, committed 35456K, reserved 1079296K
  class space    used 4433K, capacity 4721K, committed 4736K, reserved 1048576K
}
Event: 3.235 GC heap before
{Heap before GC invocations=8 (full 2):
 PSYoungGen      total 151552K, used 14335K [0x000000076b400000, 0x0000000778680000, 0x00000007c0000000)
  eden space 137216K, 0% used [0x000000076b400000,0x000000076b400000,0x0000000773a00000)
  from space 14336K, 99% used [0x0000000774b00000,0x00000007758ffff0,0x0000000775900000)
  to   space 17408K, 0% used [0x0000000773a00000,0x0000000773a00000,0x0000000774b00000)
 ParOldGen       total 107520K, used 10548K [0x00000006c1c00000, 0x00000006c8500000, 0x000000076b400000)
  object space 107520K, 9% used [0x00000006c1c00000,0x00000006c264d050,0x00000006c8500000)
 Metaspace       used 33935K, capacity 35400K, committed 35456K, reserved 1079296K
  class space    used 4433K, capacity 4721K, committed 4736K, reserved 1048576K
Event: 3.280 GC heap after
Heap after GC invocations=8 (full 2):
 PSYoungGen      total 151552K, used 0K [0x000000076b400000, 0x0000000778680000, 0x00000007c0000000)
  eden space 137216K, 0% used [0x000000076b400000,0x000000076b400000,0x0000000773a00000)
  from space 14336K, 0% used [0x0000000774b00000,0x0000000774b00000,0x0000000775900000)
  to   space 17408K, 0% used [0x0000000773a00000,0x0000000773a00000,0x0000000774b00000)
 ParOldGen       total 171520K, used 19008K [0x00000006c1c00000, 0x00000006cc380000, 0x000000076b400000)
  object space 171520K, 11% used [0x00000006c1c00000,0x00000006c2e90008,0x00000006cc380000)
 Metaspace       used 33935K, capacity 35400K, committed 35456K, reserved 1079296K
  class space    used 4433K, capacity 4721K, committed 4736K, reserved 1048576K
}
Event: 5.050 GC heap before
{Heap before GC invocations=9 (full 2):
 PSYoungGen      total 151552K, used 137216K [0x000000076b400000, 0x0000000778680000, 0x00000007c0000000)
  eden space 137216K, 100% used [0x000000076b400000,0x0000000773a00000,0x0000000773a00000)
  from space 14336K, 0% used [0x0000000774b00000,0x0000000774b00000,0x0000000775900000)
  to   space 17408K, 0% used [0x0000000773a00000,0x0000000773a00000,0x0000000774b00000)
 ParOldGen       total 171520K, used 19008K [0x00000006c1c00000, 0x00000006cc380000, 0x000000076b400000)
  object space 171520K, 11% used [0x00000006c1c00000,0x00000006c2e90008,0x00000006cc380000)
 Metaspace       used 47168K, capacity 49122K, committed 49408K, reserved 1091584K
  class space    used 6417K, capacity 6816K, committed 6912K, reserved 1048576K
Event: 5.065 GC heap after
Heap after GC invocations=9 (full 2):
 PSYoungGen      total 154624K, used 15268K [0x000000076b400000, 0x0000000779780000, 0x00000007c0000000)
  eden space 137216K, 0% used [0x000000076b400000,0x000000076b400000,0x0000000773a00000)
  from space 17408K, 87% used [0x0000000773a00000,0x00000007748e91a0,0x0000000774b00000)
  to   space 19456K, 0% used [0x0000000778480000,0x0000000778480000,0x0000000779780000)
 ParOldGen       total 171520K, used 19016K [0x00000006c1c00000, 0x00000006cc380000, 0x000000076b400000)
  object space 171520K, 11% used [0x00000006c1c00000,0x00000006c2e92008,0x00000006cc380000)
 Metaspace       used 47168K, capacity 49122K, committed 49408K, reserved 1091584K
  class space    used 6417K, capacity 6816K, committed 6912K, reserved 1048576K
}
Event: 151.726 GC heap before
{Heap before GC invocations=10 (full 2):
 PSYoungGen      total 154624K, used 88261K [0x000000076b400000, 0x0000000779780000, 0x00000007c0000000)
  eden space 137216K, 53% used [0x000000076b400000,0x000000076fb48530,0x0000000773a00000)
  from space 17408K, 87% used [0x0000000773a00000,0x00000007748e91a0,0x0000000774b00000)
  to   space 19456K, 0% used [0x0000000778480000,0x0000000778480000,0x0000000779780000)
 ParOldGen       total 171520K, used 19016K [0x00000006c1c00000, 0x00000006cc380000, 0x000000076b400000)
  object space 171520K, 11% used [0x00000006c1c00000,0x00000006c2e92008,0x00000006cc380000)
 Metaspace       used 50652K, capacity 52762K, committed 52864K, reserved 1095680K
  class space    used 6839K, capacity 7249K, committed 7296K, reserved 1048576K
Event: 151.736 GC heap after
Heap after GC invocations=10 (full 2):
 PSYoungGen      total 211456K, used 8092K [0x000000076b400000, 0x0000000779580000, 0x00000007c0000000)
  eden space 194048K, 0% used [0x000000076b400000,0x000000076b400000,0x0000000777180000)
  from space 17408K, 46% used [0x0000000778480000,0x0000000778c67160,0x0000000779580000)
  to   space 18432K, 0% used [0x0000000777180000,0x0000000777180000,0x0000000778380000)
 ParOldGen       total 171520K, used 19024K [0x00000006c1c00000, 0x00000006cc380000, 0x000000076b400000)
  object space 171520K, 11% used [0x00000006c1c00000,0x00000006c2e94008,0x00000006cc380000)
 Metaspace       used 50652K, capacity 52762K, committed 52864K, reserved 1095680K
  class space    used 6839K, capacity 7249K, committed 7296K, reserved 1048576K
}
Event: 151.736 GC heap before
{Heap before GC invocations=11 (full 3):
 PSYoungGen      total 211456K, used 8092K [0x000000076b400000, 0x0000000779580000, 0x00000007c0000000)
  eden space 194048K, 0% used [0x000000076b400000,0x000000076b400000,0x0000000777180000)
  from space 17408K, 46% used [0x0000000778480000,0x0000000778c67160,0x0000000779580000)
  to   space 18432K, 0% used [0x0000000777180000,0x0000000777180000,0x0000000778380000)
 ParOldGen       total 171520K, used 19024K [0x00000006c1c00000, 0x00000006cc380000, 0x000000076b400000)
  object space 171520K, 11% used [0x00000006c1c00000,0x00000006c2e94008,0x00000006cc380000)
 Metaspace       used 50652K, capacity 52762K, committed 52864K, reserved 1095680K
  class space    used 6839K, capacity 7249K, committed 7296K, reserved 1048576K
Event: 151.848 GC heap after
Heap after GC invocations=11 (full 3):
 PSYoungGen      total 211456K, used 0K [0x000000076b400000, 0x0000000779580000, 0x00000007c0000000)
  eden space 194048K, 0% used [0x000000076b400000,0x000000076b400000,0x0000000777180000)
  from space 17408K, 0% used [0x0000000778480000,0x0000000778480000,0x0000000779580000)
  to   space 18432K, 0% used [0x0000000777180000,0x0000000777180000,0x0000000778380000)
 ParOldGen       total 171520K, used 21897K [0x00000006c1c00000, 0x00000006cc380000, 0x000000076b400000)
  object space 171520K, 12% used [0x00000006c1c00000,0x00000006c31625a0,0x00000006cc380000)
 Metaspace       used 50640K, capacity 52726K, committed 52864K, reserved 1095680K
  class space    used 6836K, capacity 7243K, committed 7296K, reserved 1048576K
}

