# JRE version: Java(TM) SE Runtime Environment (8.0_201-b09) (build 1.8.0_201-b09)
# Java VM: Java HotSpot(TM) 64-Bit Server VM (25.201-b09 mixed mode windows-amd64 compressed oops)
Heap:
 PSYoungGen      total 424448K, used 7055K [0x000000076b400000, 0x0000000786900000, 0x00000007c0000000)
  eden space 407040K, 1% used [0x000000076b400000,0x000000076bae3df8,0x0000000784180000)
  from space 17408K, 0% used [0x0000000785500000,0x0000000785500000,0x0000000786600000)
  to   space 19968K, 0% used [0x0000000784180000,0x0000000784180000,0x0000000785500000)
 ParOldGen       total 114176K, used 30691K [0x00000006c1c00000, 0x00000006c8b80000, 0x000000076b400000)
  object space 114176K, 26% used [0x00000006c1c00000,0x00000006c39f8df8,0x00000006c8b80000)
 Metaspace       used 50281K, capacity 52336K, committed 52816K, reserved 1095680K
  class space    used 6786K, capacity 7176K, committed 7296K, reserved 1048576K
GC Heap History (10 events):
Event: 3.035 GC heap before
{Heap before GC invocations=7 (full 1):
 PSYoungGen      total 141824K, used 140220K [0x000000076b400000, 0x000000077b280000, 0x00000007c0000000)
  eden space 131072K, 100% used [0x000000076b400000,0x0000000773400000,0x0000000773400000)
  from space 10752K, 85% used [0x0000000773400000,0x0000000773cef070,0x0000000773e80000)
  to   space 12288K, 0% used [0x000000077a680000,0x000000077a680000,0x000000077b280000)
 ParOldGen       total 81408K, used 4919K [0x00000006c1c00000, 0x00000006c6b80000, 0x000000076b400000)
  object space 81408K, 6% used [0x00000006c1c00000,0x00000006c20cde30,0x00000006c6b80000)
 Metaspace       used 33651K, capacity 35126K, committed 35452K, reserved 1079296K
  class space    used 4387K, capacity 4648K, committed 4736K, reserved 1048576K
Event: 3.048 GC heap after
Heap after GC invocations=7 (full 1):
 PSYoungGen      total 243712K, used 12279K [0x000000076b400000, 0x000000077b500000, 0x00000007c0000000)
  eden space 231424K, 0% used [0x000000076b400000,0x000000076b400000,0x0000000779600000)
  from space 12288K, 99% used [0x000000077a680000,0x000000077b27dfd8,0x000000077b280000)
  to   space 15872K, 0% used [0x0000000779600000,0x0000000779600000,0x000000077a580000)
 ParOldGen       total 81408K, used 7934K [0x00000006c1c00000, 0x00000006c6b80000, 0x000000076b400000)
  object space 81408K, 9% used [0x00000006c1c00000,0x00000006c23bfb38,0x00000006c6b80000)
 Metaspace       used 33651K, capacity 35126K, committed 35452K, reserved 1079296K
  class space    used 4387K, capacity 4648K, committed 4736K, reserved 1048576K
}
Event: 3.167 GC heap before
{Heap before GC invocations=8 (full 1):
 PSYoungGen      total 243712K, used 25900K [0x000000076b400000, 0x000000077b500000, 0x00000007c0000000)
  eden space 231424K, 5% used [0x000000076b400000,0x000000076c14d0f8,0x0000000779600000)
  from space 12288K, 99% used [0x000000077a680000,0x000000077b27dfd8,0x000000077b280000)
  to   space 15872K, 0% used [0x0000000779600000,0x0000000779600000,0x000000077a580000)
 ParOldGen       total 81408K, used 7934K [0x00000006c1c00000, 0x00000006c6b80000, 0x000000076b400000)
  object space 81408K, 9% used [0x00000006c1c00000,0x00000006c23bfb38,0x00000006c6b80000)
 Metaspace       used 34436K, capacity 35942K, committed 36048K, reserved 1081344K
  class space    used 4482K, capacity 4790K, committed 4864K, reserved 1048576K
Event: 3.176 GC heap after
Heap after GC invocations=8 (full 1):
 PSYoungGen      total 247296K, used 12960K [0x000000076b400000, 0x0000000786600000, 0x00000007c0000000)
  eden space 231424K, 0% used [0x000000076b400000,0x000000076b400000,0x0000000779600000)
  from space 15872K, 81% used [0x0000000779600000,0x000000077a2a8098,0x000000077a580000)
  to   space 17408K, 0% used [0x0000000785500000,0x0000000785500000,0x0000000786600000)
 ParOldGen       total 81408K, used 7942K [0x00000006c1c00000, 0x00000006c6b80000, 0x000000076b400000)
  object space 81408K, 9% used [0x00000006c1c00000,0x00000006c23c1b38,0x00000006c6b80000)
 Metaspace       used 34436K, capacity 35942K, committed 36048K, reserved 1081344K
  class space    used 4482K, capacity 4790K, committed 4864K, reserved 1048576K
}
Event: 3.176 GC heap before
{Heap before GC invocations=9 (full 2):
 PSYoungGen      total 247296K, used 12960K [0x000000076b400000, 0x0000000786600000, 0x00000007c0000000)
  eden space 231424K, 0% used [0x000000076b400000,0x000000076b400000,0x0000000779600000)
  from space 15872K, 81% used [0x0000000779600000,0x000000077a2a8098,0x000000077a580000)
  to   space 17408K, 0% used [0x0000000785500000,0x0000000785500000,0x0000000786600000)
 ParOldGen       total 81408K, used 7942K [0x00000006c1c00000, 0x00000006c6b80000, 0x000000076b400000)
  object space 81408K, 9% used [0x00000006c1c00000,0x00000006c23c1b38,0x00000006c6b80000)
 Metaspace       used 34436K, capacity 35942K, committed 36048K, reserved 1081344K
  class space    used 4482K, capacity 4790K, committed 4864K, reserved 1048576K
Event: 3.217 GC heap after
Heap after GC invocations=9 (full 2):
 PSYoungGen      total 247296K, used 0K [0x000000076b400000, 0x0000000786600000, 0x00000007c0000000)
  eden space 231424K, 0% used [0x000000076b400000,0x000000076b400000,0x0000000779600000)
  from space 15872K, 0% used [0x0000000779600000,0x0000000779600000,0x000000077a580000)
  to   space 17408K, 0% used [0x0000000785500000,0x0000000785500000,0x0000000786600000)
 ParOldGen       total 114176K, used 17452K [0x00000006c1c00000, 0x00000006c8b80000, 0x000000076b400000)
  object space 114176K, 15% used [0x00000006c1c00000,0x00000006c2d0b2c8,0x00000006c8b80000)
 Metaspace       used 34436K, capacity 35942K, committed 36048K, reserved 1081344K
  class space    used 4482K, capacity 4790K, committed 4864K, reserved 1048576K
}
Event: 203.952 GC heap before
{Heap before GC invocations=10 (full 2):
 PSYoungGen      total 247296K, used 231424K [0x000000076b400000, 0x0000000786600000, 0x00000007c0000000)
  eden space 231424K, 100% used [0x000000076b400000,0x0000000779600000,0x0000000779600000)
  from space 15872K, 0% used [0x0000000779600000,0x0000000779600000,0x000000077a580000)
  to   space 17408K, 0% used [0x0000000785500000,0x0000000785500000,0x0000000786600000)
 ParOldGen       total 114176K, used 17452K [0x00000006c1c00000, 0x00000006c8b80000, 0x000000076b400000)
  object space 114176K, 15% used [0x00000006c1c00000,0x00000006c2d0b2c8,0x00000006c8b80000)
 Metaspace       used 50342K, capacity 52516K, committed 52816K, reserved 1095680K
  class space    used 6804K, capacity 7210K, committed 7296K, reserved 1048576K
Event: 203.966 GC heap after
Heap after GC invocations=10 (full 2):
 PSYoungGen      total 424448K, used 17371K [0x000000076b400000, 0x0000000786900000, 0x00000007c0000000)
  eden space 407040K, 0% used [0x000000076b400000,0x000000076b400000,0x0000000784180000)
  from space 17408K, 99% used [0x0000000785500000,0x00000007865f6c00,0x0000000786600000)
  to   space 19968K, 0% used [0x0000000784180000,0x0000000784180000,0x0000000785500000)
 ParOldGen       total 114176K, used 17460K [0x00000006c1c00000, 0x00000006c8b80000, 0x000000076b400000)
  object space 114176K, 15% used [0x00000006c1c00000,0x00000006c2d0d2c8,0x00000006c8b80000)
 Metaspace       used 50342K, capacity 52516K, committed 52816K, reserved 1095680K
  class space    used 6804K, capacity 7210K, committed 7296K, reserved 1048576K
}
Event: 203.967 GC heap before
{Heap before GC invocations=11 (full 3):
 PSYoungGen      total 424448K, used 17371K [0x000000076b400000, 0x0000000786900000, 0x00000007c0000000)
  eden space 407040K, 0% used [0x000000076b400000,0x000000076b400000,0x0000000784180000)
  from space 17408K, 99% used [0x0000000785500000,0x00000007865f6c00,0x0000000786600000)
  to   space 19968K, 0% used [0x0000000784180000,0x0000000784180000,0x0000000785500000)
 ParOldGen       total 114176K, used 17460K [0x00000006c1c00000, 0x00000006c8b80000, 0x000000076b400000)
  object space 114176K, 15% used [0x00000006c1c00000,0x00000006c2d0d2c8,0x00000006c8b80000)
 Metaspace       used 50342K, capacity 52516K, committed 52816K, reserved 1095680K
  class space    used 6804K, capacity 7210K, committed 7296K, reserved 1048576K
Event: 204.085 GC heap after
Heap after GC invocations=11 (full 3):
 PSYoungGen      total 424448K, used 0K [0x000000076b400000, 0x0000000786900000, 0x00000007c0000000)
  eden space 407040K, 0% used [0x000000076b400000,0x000000076b400000,0x0000000784180000)
  from space 17408K, 0% used [0x0000000785500000,0x0000000785500000,0x0000000786600000)
  to   space 19968K, 0% used [0x0000000784180000,0x0000000784180000,0x0000000785500000)
 ParOldGen       total 114176K, used 30691K [0x00000006c1c00000, 0x00000006c8b80000, 0x000000076b400000)
  object space 114176K, 26% used [0x00000006c1c00000,0x00000006c39f8df8,0x00000006c8b80000)
 Metaspace       used 50277K, capacity 52336K, committed 52816K, reserved 1095680K
  class space    used 6784K, capacity 7176K, committed 7296K, reserved 1048576K
}

