# JRE version: Java(TM) SE Runtime Environment (8.0_201-b09) (build 1.8.0_201-b09)
# Java VM: Java HotSpot(TM) 64-Bit Server VM (25.201-b09 mixed mode windows-amd64 compressed oops)
Heap:
 PSYoungGen      total 212480K, used 6340K [0x000000076b400000, 0x0000000779580000, 0x00000007c0000000)
  eden space 194048K, 3% used [0x000000076b400000,0x000000076ba31278,0x0000000777180000)
  from space 18432K, 0% used [0x0000000777180000,0x0000000777180000,0x0000000778380000)
  to   space 18432K, 0% used [0x0000000778380000,0x0000000778380000,0x0000000779580000)
 ParOldGen       total 172032K, used 21062K [0x00000006c1c00000, 0x00000006cc400000, 0x000000076b400000)
  object space 172032K, 12% used [0x00000006c1c00000,0x00000006c3091b48,0x00000006cc400000)
 Metaspace       used 51963K, capacity 54194K, committed 54272K, reserved 1095680K
  class space    used 6946K, capacity 7374K, committed 7424K, reserved 1048576K
GC Heap History (10 events):
Event: 7.424 GC heap before
{Heap before GC invocations=9 (full 2):
 PSYoungGen      total 154624K, used 140288K [0x000000076b400000, 0x0000000778600000, 0x00000007c0000000)
  eden space 140288K, 100% used [0x000000076b400000,0x0000000773d00000,0x0000000773d00000)
  from space 14336K, 0% used [0x0000000774e00000,0x0000000774e00000,0x0000000775c00000)
  to   space 17408K, 0% used [0x0000000773d00000,0x0000000773d00000,0x0000000774e00000)
 ParOldGen       total 172032K, used 19039K [0x00000006c1c00000, 0x00000006cc400000, 0x000000076b400000)
  object space 172032K, 11% used [0x00000006c1c00000,0x00000006c2e97ec8,0x00000006cc400000)
 Metaspace       used 47180K, capacity 49126K, committed 49408K, reserved 1091584K
  class space    used 6418K, capacity 6816K, committed 6912K, reserved 1048576K
Event: 7.445 GC heap after
Heap after GC invocations=9 (full 2):
 PSYoungGen      total 157696K, used 15250K [0x000000076b400000, 0x0000000779780000, 0x00000007c0000000)
  eden space 140288K, 0% used [0x000000076b400000,0x000000076b400000,0x0000000773d00000)
  from space 17408K, 87% used [0x0000000773d00000,0x0000000774be4a30,0x0000000774e00000)
  to   space 19456K, 0% used [0x0000000778480000,0x0000000778480000,0x0000000779780000)
 ParOldGen       total 172032K, used 19047K [0x00000006c1c00000, 0x00000006cc400000, 0x000000076b400000)
  object space 172032K, 11% used [0x00000006c1c00000,0x00000006c2e99ec8,0x00000006cc400000)
 Metaspace       used 47180K, capacity 49126K, committed 49408K, reserved 1091584K
  class space    used 6418K, capacity 6816K, committed 6912K, reserved 1048576K
}
Event: 97.022 GC heap before
{Heap before GC invocations=10 (full 2):
 PSYoungGen      total 157696K, used 80974K [0x000000076b400000, 0x0000000779780000, 0x00000007c0000000)
  eden space 140288K, 46% used [0x000000076b400000,0x000000076f42f030,0x0000000773d00000)
  from space 17408K, 87% used [0x0000000773d00000,0x0000000774be4a30,0x0000000774e00000)
  to   space 19456K, 0% used [0x0000000778480000,0x0000000778480000,0x0000000779780000)
 ParOldGen       total 172032K, used 19047K [0x00000006c1c00000, 0x00000006cc400000, 0x000000076b400000)
  object space 172032K, 11% used [0x00000006c1c00000,0x00000006c2e99ec8,0x00000006cc400000)
 Metaspace       used 51217K, capacity 53332K, committed 53504K, reserved 1095680K
  class space    used 6925K, capacity 7328K, committed 7424K, reserved 1048576K
Event: 97.031 GC heap after
Heap after GC invocations=10 (full 2):
 PSYoungGen      total 211456K, used 8733K [0x000000076b400000, 0x0000000779580000, 0x00000007c0000000)
  eden space 194048K, 0% used [0x000000076b400000,0x000000076b400000,0x0000000777180000)
  from space 17408K, 50% used [0x0000000778480000,0x0000000778d07750,0x0000000779580000)
  to   space 18432K, 0% used [0x0000000777180000,0x0000000777180000,0x0000000778380000)
 ParOldGen       total 172032K, used 19055K [0x00000006c1c00000, 0x00000006cc400000, 0x000000076b400000)
  object space 172032K, 11% used [0x00000006c1c00000,0x00000006c2e9bec8,0x00000006cc400000)
 Metaspace       used 51217K, capacity 53332K, committed 53504K, reserved 1095680K
  class space    used 6925K, capacity 7328K, committed 7424K, reserved 1048576K
}
Event: 97.031 GC heap before
{Heap before GC invocations=11 (full 3):
 PSYoungGen      total 211456K, used 8733K [0x000000076b400000, 0x0000000779580000, 0x00000007c0000000)
  eden space 194048K, 0% used [0x000000076b400000,0x000000076b400000,0x0000000777180000)
  from space 17408K, 50% used [0x0000000778480000,0x0000000778d07750,0x0000000779580000)
  to   space 18432K, 0% used [0x0000000777180000,0x0000000777180000,0x0000000778380000)
 ParOldGen       total 172032K, used 19055K [0x00000006c1c00000, 0x00000006cc400000, 0x000000076b400000)
  object space 172032K, 11% used [0x00000006c1c00000,0x00000006c2e9bec8,0x00000006cc400000)
 Metaspace       used 51217K, capacity 53332K, committed 53504K, reserved 1095680K
  class space    used 6925K, capacity 7328K, committed 7424K, reserved 1048576K
Event: 97.144 GC heap after
Heap after GC invocations=11 (full 3):
 PSYoungGen      total 211456K, used 0K [0x000000076b400000, 0x0000000779580000, 0x00000007c0000000)
  eden space 194048K, 0% used [0x000000076b400000,0x000000076b400000,0x0000000777180000)
  from space 17408K, 0% used [0x0000000778480000,0x0000000778480000,0x0000000779580000)
  to   space 18432K, 0% used [0x0000000777180000,0x0000000777180000,0x0000000778380000)
 ParOldGen       total 172032K, used 22510K [0x00000006c1c00000, 0x00000006cc400000, 0x000000076b400000)
  object space 172032K, 13% used [0x00000006c1c00000,0x00000006c31fbb98,0x00000006cc400000)
 Metaspace       used 51195K, capacity 53260K, committed 53504K, reserved 1095680K
  class space    used 6918K, capacity 7316K, committed 7424K, reserved 1048576K
}
Event: 370.195 GC heap before
{Heap before GC invocations=12 (full 3):
 PSYoungGen      total 211456K, used 191616K [0x000000076b400000, 0x0000000779580000, 0x00000007c0000000)
  eden space 194048K, 98% used [0x000000076b400000,0x0000000776f20030,0x0000000777180000)
  from space 17408K, 0% used [0x0000000778480000,0x0000000778480000,0x0000000779580000)
  to   space 18432K, 0% used [0x0000000777180000,0x0000000777180000,0x0000000778380000)
 ParOldGen       total 172032K, used 22510K [0x00000006c1c00000, 0x00000006cc400000, 0x000000076b400000)
  object space 172032K, 13% used [0x00000006c1c00000,0x00000006c31fbb98,0x00000006cc400000)
 Metaspace       used 51951K, capacity 54194K, committed 54272K, reserved 1095680K
  class space    used 6946K, capacity 7374K, committed 7424K, reserved 1048576K
Event: 370.206 GC heap after
Heap after GC invocations=12 (full 3):
 PSYoungGen      total 212480K, used 3984K [0x000000076b400000, 0x0000000779580000, 0x00000007c0000000)
  eden space 194048K, 0% used [0x000000076b400000,0x000000076b400000,0x0000000777180000)
  from space 18432K, 21% used [0x0000000777180000,0x00000007775642f8,0x0000000778380000)
  to   space 18432K, 0% used [0x0000000778380000,0x0000000778380000,0x0000000779580000)
 ParOldGen       total 172032K, used 22518K [0x00000006c1c00000, 0x00000006cc400000, 0x000000076b400000)
  object space 172032K, 13% used [0x00000006c1c00000,0x00000006c31fdb98,0x00000006cc400000)
 Metaspace       used 51951K, capacity 54194K, committed 54272K, reserved 1095680K
  class space    used 6946K, capacity 7374K, committed 7424K, reserved 1048576K
}
Event: 370.206 GC heap before
{Heap before GC invocations=13 (full 4):
 PSYoungGen      total 212480K, used 3984K [0x000000076b400000, 0x0000000779580000, 0x00000007c0000000)
  eden space 194048K, 0% used [0x000000076b400000,0x000000076b400000,0x0000000777180000)
  from space 18432K, 21% used [0x0000000777180000,0x00000007775642f8,0x0000000778380000)
  to   space 18432K, 0% used [0x0000000778380000,0x0000000778380000,0x0000000779580000)
 ParOldGen       total 172032K, used 22518K [0x00000006c1c00000, 0x00000006cc400000, 0x000000076b400000)
  object space 172032K, 13% used [0x00000006c1c00000,0x00000006c31fdb98,0x00000006cc400000)
 Metaspace       used 51951K, capacity 54194K, committed 54272K, reserved 1095680K
  class space    used 6946K, capacity 7374K, committed 7424K, reserved 1048576K
Event: 370.394 GC heap after
Heap after GC invocations=13 (full 4):
 PSYoungGen      total 212480K, used 0K [0x000000076b400000, 0x0000000779580000, 0x00000007c0000000)
  eden space 194048K, 0% used [0x000000076b400000,0x000000076b400000,0x0000000777180000)
  from space 18432K, 0% used [0x0000000777180000,0x0000000777180000,0x0000000778380000)
  to   space 18432K, 0% used [0x0000000778380000,0x0000000778380000,0x0000000779580000)
 ParOldGen       total 172032K, used 21062K [0x00000006c1c00000, 0x00000006cc400000, 0x000000076b400000)
  object space 172032K, 12% used [0x00000006c1c00000,0x00000006c3091b48,0x00000006cc400000)
 Metaspace       used 51948K, capacity 54188K, committed 54272K, reserved 1095680K
  class space    used 6945K, capacity 7372K, committed 7424K, reserved 1048576K
}

