# JRE version: Java(TM) SE Runtime Environment (8.0_201-b09) (build 1.8.0_201-b09)
# Java VM: Java HotSpot(TM) 64-Bit Server VM (25.201-b09 mixed mode windows-amd64 compressed oops)
Heap:
 PSYoungGen      total 205312K, used 4204K [0x000000076b400000, 0x0000000778f80000, 0x00000007c0000000)
  eden space 186880K, 2% used [0x000000076b400000,0x000000076b81b3d8,0x0000000776a80000)
  from space 18432K, 0% used [0x0000000777d80000,0x0000000777d80000,0x0000000778f80000)
  to   space 18944K, 0% used [0x0000000776a80000,0x0000000776a80000,0x0000000777d00000)
 ParOldGen       total 174592K, used 20972K [0x00000006c1c00000, 0x00000006cc680000, 0x000000076b400000)
  object space 174592K, 12% used [0x00000006c1c00000,0x00000006c307b350,0x00000006cc680000)
 Metaspace       used 49531K, capacity 51626K, committed 51712K, reserved 1093632K
  class space    used 6705K, capacity 7097K, committed 7168K, reserved 1048576K
GC Heap History (10 events):
Event: 3.190 GC heap before
{Heap before GC invocations=7 (full 1):
 PSYoungGen      total 134656K, used 116131K [0x000000076b400000, 0x0000000775580000, 0x00000007c0000000)
  eden space 123904K, 85% used [0x000000076b400000,0x0000000771af0e68,0x0000000772d00000)
  from space 10752K, 99% used [0x0000000772d00000,0x0000000773778180,0x0000000773780000)
  to   space 14336K, 0% used [0x0000000774780000,0x0000000774780000,0x0000000775580000)
 ParOldGen       total 109056K, used 10040K [0x00000006c1c00000, 0x00000006c8680000, 0x000000076b400000)
  object space 109056K, 9% used [0x00000006c1c00000,0x00000006c25ce238,0x00000006c8680000)
 Metaspace       used 33959K, capacity 35404K, committed 35456K, reserved 1079296K
  class space    used 4437K, capacity 4721K, committed 4736K, reserved 1048576K
Event: 3.199 GC heap after
Heap after GC invocations=7 (full 1):
 PSYoungGen      total 147968K, used 14326K [0x000000076b400000, 0x0000000778300000, 0x00000007c0000000)
  eden space 133632K, 0% used [0x000000076b400000,0x000000076b400000,0x0000000773680000)
  from space 14336K, 99% used [0x0000000774780000,0x000000077557db38,0x0000000775580000)
  to   space 17408K, 0% used [0x0000000773680000,0x0000000773680000,0x0000000774780000)
 ParOldGen       total 109056K, used 10458K [0x00000006c1c00000, 0x00000006c8680000, 0x000000076b400000)
  object space 109056K, 9% used [0x00000006c1c00000,0x00000006c2636bf8,0x00000006c8680000)
 Metaspace       used 33959K, capacity 35404K, committed 35456K, reserved 1079296K
  class space    used 4437K, capacity 4721K, committed 4736K, reserved 1048576K
}
Event: 3.199 GC heap before
{Heap before GC invocations=8 (full 2):
 PSYoungGen      total 147968K, used 14326K [0x000000076b400000, 0x0000000778300000, 0x00000007c0000000)
  eden space 133632K, 0% used [0x000000076b400000,0x000000076b400000,0x0000000773680000)
  from space 14336K, 99% used [0x0000000774780000,0x000000077557db38,0x0000000775580000)
  to   space 17408K, 0% used [0x0000000773680000,0x0000000773680000,0x0000000774780000)
 ParOldGen       total 109056K, used 10458K [0x00000006c1c00000, 0x00000006c8680000, 0x000000076b400000)
  object space 109056K, 9% used [0x00000006c1c00000,0x00000006c2636bf8,0x00000006c8680000)
 Metaspace       used 33959K, capacity 35404K, committed 35456K, reserved 1079296K
  class space    used 4437K, capacity 4721K, committed 4736K, reserved 1048576K
Event: 3.237 GC heap after
Heap after GC invocations=8 (full 2):
 PSYoungGen      total 147968K, used 0K [0x000000076b400000, 0x0000000778300000, 0x00000007c0000000)
  eden space 133632K, 0% used [0x000000076b400000,0x000000076b400000,0x0000000773680000)
  from space 14336K, 0% used [0x0000000774780000,0x0000000774780000,0x0000000775580000)
  to   space 17408K, 0% used [0x0000000773680000,0x0000000773680000,0x0000000774780000)
 ParOldGen       total 174592K, used 19203K [0x00000006c1c00000, 0x00000006cc680000, 0x000000076b400000)
  object space 174592K, 10% used [0x00000006c1c00000,0x00000006c2ec0c00,0x00000006cc680000)
 Metaspace       used 33959K, capacity 35404K, committed 35456K, reserved 1079296K
  class space    used 4437K, capacity 4721K, committed 4736K, reserved 1048576K
}
Event: 5.453 GC heap before
{Heap before GC invocations=9 (full 2):
 PSYoungGen      total 147968K, used 133632K [0x000000076b400000, 0x0000000778300000, 0x00000007c0000000)
  eden space 133632K, 100% used [0x000000076b400000,0x0000000773680000,0x0000000773680000)
  from space 14336K, 0% used [0x0000000774780000,0x0000000774780000,0x0000000775580000)
  to   space 17408K, 0% used [0x0000000773680000,0x0000000773680000,0x0000000774780000)
 ParOldGen       total 174592K, used 19203K [0x00000006c1c00000, 0x00000006cc680000, 0x000000076b400000)
  object space 174592K, 10% used [0x00000006c1c00000,0x00000006c2ec0c00,0x00000006cc680000)
 Metaspace       used 46698K, capacity 48550K, committed 48768K, reserved 1091584K
  class space    used 6344K, capacity 6696K, committed 6784K, reserved 1048576K
Event: 5.467 GC heap after
Heap after GC invocations=9 (full 2):
 PSYoungGen      total 151040K, used 15523K [0x000000076b400000, 0x0000000779080000, 0x00000007c0000000)
  eden space 133632K, 0% used [0x000000076b400000,0x000000076b400000,0x0000000773680000)
  from space 17408K, 89% used [0x0000000773680000,0x00000007745a8e08,0x0000000774780000)
  to   space 19456K, 0% used [0x0000000777d80000,0x0000000777d80000,0x0000000779080000)
 ParOldGen       total 174592K, used 19211K [0x00000006c1c00000, 0x00000006cc680000, 0x000000076b400000)
  object space 174592K, 11% used [0x00000006c1c00000,0x00000006c2ec2c00,0x00000006cc680000)
 Metaspace       used 46698K, capacity 48550K, committed 48768K, reserved 1091584K
  class space    used 6344K, capacity 6696K, committed 6784K, reserved 1048576K
}
Event: 189.479 GC heap before
{Heap before GC invocations=10 (full 2):
 PSYoungGen      total 151040K, used 82774K [0x000000076b400000, 0x0000000779080000, 0x00000007c0000000)
  eden space 133632K, 50% used [0x000000076b400000,0x000000076f5acb20,0x0000000773680000)
  from space 17408K, 89% used [0x0000000773680000,0x00000007745a8e08,0x0000000774780000)
  to   space 19456K, 0% used [0x0000000777d80000,0x0000000777d80000,0x0000000779080000)
 ParOldGen       total 174592K, used 19211K [0x00000006c1c00000, 0x00000006cc680000, 0x000000076b400000)
  object space 174592K, 11% used [0x00000006c1c00000,0x00000006c2ec2c00,0x00000006cc680000)
 Metaspace       used 49527K, capacity 51626K, committed 51712K, reserved 1093632K
  class space    used 6703K, capacity 7097K, committed 7168K, reserved 1048576K
Event: 189.485 GC heap after
Heap after GC invocations=10 (full 2):
 PSYoungGen      total 205312K, used 7143K [0x000000076b400000, 0x0000000778f80000, 0x00000007c0000000)
  eden space 186880K, 0% used [0x000000076b400000,0x000000076b400000,0x0000000776a80000)
  from space 18432K, 38% used [0x0000000777d80000,0x0000000778479d78,0x0000000778f80000)
  to   space 18944K, 0% used [0x0000000776a80000,0x0000000776a80000,0x0000000777d00000)
 ParOldGen       total 174592K, used 19219K [0x00000006c1c00000, 0x00000006cc680000, 0x000000076b400000)
  object space 174592K, 11% used [0x00000006c1c00000,0x00000006c2ec4c00,0x00000006cc680000)
 Metaspace       used 49527K, capacity 51626K, committed 51712K, reserved 1093632K
  class space    used 6703K, capacity 7097K, committed 7168K, reserved 1048576K
}
Event: 189.485 GC heap before
{Heap before GC invocations=11 (full 3):
 PSYoungGen      total 205312K, used 7143K [0x000000076b400000, 0x0000000778f80000, 0x00000007c0000000)
  eden space 186880K, 0% used [0x000000076b400000,0x000000076b400000,0x0000000776a80000)
  from space 18432K, 38% used [0x0000000777d80000,0x0000000778479d78,0x0000000778f80000)
  to   space 18944K, 0% used [0x0000000776a80000,0x0000000776a80000,0x0000000777d00000)
 ParOldGen       total 174592K, used 19219K [0x00000006c1c00000, 0x00000006cc680000, 0x000000076b400000)
  object space 174592K, 11% used [0x00000006c1c00000,0x00000006c2ec4c00,0x00000006cc680000)
 Metaspace       used 49527K, capacity 51626K, committed 51712K, reserved 1093632K
  class space    used 6703K, capacity 7097K, committed 7168K, reserved 1048576K
Event: 189.603 GC heap after
Heap after GC invocations=11 (full 3):
 PSYoungGen      total 205312K, used 0K [0x000000076b400000, 0x0000000778f80000, 0x00000007c0000000)
  eden space 186880K, 0% used [0x000000076b400000,0x000000076b400000,0x0000000776a80000)
  from space 18432K, 0% used [0x0000000777d80000,0x0000000777d80000,0x0000000778f80000)
  to   space 18944K, 0% used [0x0000000776a80000,0x0000000776a80000,0x0000000777d00000)
 ParOldGen       total 174592K, used 20972K [0x00000006c1c00000, 0x00000006cc680000, 0x000000076b400000)
  object space 174592K, 12% used [0x00000006c1c00000,0x00000006c307b350,0x00000006cc680000)
 Metaspace       used 49527K, capacity 51626K, committed 51712K, reserved 1093632K
  class space    used 6703K, capacity 7097K, committed 7168K, reserved 1048576K
}

