# JRE version: Java(TM) SE Runtime Environment (8.0_201-b09) (build 1.8.0_201-b09)
# Java VM: Java HotSpot(TM) 64-Bit Server VM (25.201-b09 mixed mode windows-amd64 compressed oops)
Heap:
 PSYoungGen      total 195072K, used 7263K [0x000000076b400000, 0x0000000778f80000, 0x00000007c0000000)
  eden space 188928K, 3% used [0x000000076b400000,0x000000076bb17f00,0x0000000776c80000)
  from space 6144K, 0% used [0x0000000776e00000,0x0000000776e00000,0x0000000777400000)
  to   space 17920K, 0% used [0x0000000777e00000,0x0000000777e00000,0x0000000778f80000)
 ParOldGen       total 170496K, used 19837K [0x00000006c1c00000, 0x00000006cc280000, 0x000000076b400000)
  object space 170496K, 11% used [0x00000006c1c00000,0x00000006c2f5f508,0x00000006cc280000)
 Metaspace       used 51429K, capacity 53572K, committed 53632K, reserved 1095680K
  class space    used 6887K, capacity 7291K, committed 7296K, reserved 1048576K
GC Heap History (10 events):
Event: 4.183 GC heap before
{Heap before GC invocations=8 (full 2):
 PSYoungGen      total 153088K, used 14306K [0x000000076b400000, 0x0000000778900000, 0x00000007c0000000)
  eden space 138752K, 0% used [0x000000076b400000,0x000000076b400000,0x0000000773b80000)
  from space 14336K, 99% used [0x0000000774c80000,0x0000000775a78bd0,0x0000000775a80000)
  to   space 17408K, 0% used [0x0000000773b80000,0x0000000773b80000,0x0000000774c80000)
 ParOldGen       total 107520K, used 10531K [0x00000006c1c00000, 0x00000006c8500000, 0x000000076b400000)
  object space 107520K, 9% used [0x00000006c1c00000,0x00000006c2648e00,0x00000006c8500000)
 Metaspace       used 33983K, capacity 35416K, committed 35456K, reserved 1079296K
  class space    used 4436K, capacity 4721K, committed 4736K, reserved 1048576K
Event: 4.236 GC heap after
Heap after GC invocations=8 (full 2):
 PSYoungGen      total 153088K, used 0K [0x000000076b400000, 0x0000000778900000, 0x00000007c0000000)
  eden space 138752K, 0% used [0x000000076b400000,0x000000076b400000,0x0000000773b80000)
  from space 14336K, 0% used [0x0000000774c80000,0x0000000774c80000,0x0000000775a80000)
  to   space 17408K, 0% used [0x0000000773b80000,0x0000000773b80000,0x0000000774c80000)
 ParOldGen       total 170496K, used 19035K [0x00000006c1c00000, 0x00000006cc280000, 0x000000076b400000)
  object space 170496K, 11% used [0x00000006c1c00000,0x00000006c2e96c48,0x00000006cc280000)
 Metaspace       used 33983K, capacity 35416K, committed 35456K, reserved 1079296K
  class space    used 4436K, capacity 4721K, committed 4736K, reserved 1048576K
}
Event: 6.307 GC heap before
{Heap before GC invocations=9 (full 2):
 PSYoungGen      total 153088K, used 138752K [0x000000076b400000, 0x0000000778900000, 0x00000007c0000000)
  eden space 138752K, 100% used [0x000000076b400000,0x0000000773b80000,0x0000000773b80000)
  from space 14336K, 0% used [0x0000000774c80000,0x0000000774c80000,0x0000000775a80000)
  to   space 17408K, 0% used [0x0000000773b80000,0x0000000773b80000,0x0000000774c80000)
 ParOldGen       total 170496K, used 19035K [0x00000006c1c00000, 0x00000006cc280000, 0x000000076b400000)
  object space 170496K, 11% used [0x00000006c1c00000,0x00000006c2e96c48,0x00000006cc280000)
 Metaspace       used 47084K, capacity 49004K, committed 49152K, reserved 1091584K
  class space    used 6399K, capacity 6801K, committed 6912K, reserved 1048576K
Event: 6.323 GC heap after
Heap after GC invocations=9 (full 2):
 PSYoungGen      total 156160K, used 15505K [0x000000076b400000, 0x0000000779b80000, 0x00000007c0000000)
  eden space 138752K, 0% used [0x000000076b400000,0x000000076b400000,0x0000000773b80000)
  from space 17408K, 89% used [0x0000000773b80000,0x0000000774aa4698,0x0000000774c80000)
  to   space 19456K, 0% used [0x0000000778880000,0x0000000778880000,0x0000000779b80000)
 ParOldGen       total 170496K, used 19043K [0x00000006c1c00000, 0x00000006cc280000, 0x000000076b400000)
  object space 170496K, 11% used [0x00000006c1c00000,0x00000006c2e98c48,0x00000006cc280000)
 Metaspace       used 47084K, capacity 49004K, committed 49152K, reserved 1091584K
  class space    used 6399K, capacity 6801K, committed 6912K, reserved 1048576K
}
Event: 438.918 GC heap before
{Heap before GC invocations=10 (full 2):
 PSYoungGen      total 156160K, used 154257K [0x000000076b400000, 0x0000000779b80000, 0x00000007c0000000)
  eden space 138752K, 100% used [0x000000076b400000,0x0000000773b80000,0x0000000773b80000)
  from space 17408K, 89% used [0x0000000773b80000,0x0000000774aa4698,0x0000000774c80000)
  to   space 19456K, 0% used [0x0000000778880000,0x0000000778880000,0x0000000779b80000)
 ParOldGen       total 170496K, used 19043K [0x00000006c1c00000, 0x00000006cc280000, 0x000000076b400000)
  object space 170496K, 11% used [0x00000006c1c00000,0x00000006c2e98c48,0x00000006cc280000)
 Metaspace       used 51308K, capacity 53470K, committed 53632K, reserved 1095680K
  class space    used 6870K, capacity 7282K, committed 7296K, reserved 1048576K
Event: 438.933 GC heap after
Heap after GC invocations=10 (full 2):
 PSYoungGen      total 198656K, used 9327K [0x000000076b400000, 0x0000000779200000, 0x00000007c0000000)
  eden space 188928K, 0% used [0x000000076b400000,0x000000076b400000,0x0000000776c80000)
  from space 9728K, 95% used [0x0000000778880000,0x000000077919bfb8,0x0000000779200000)
  to   space 18432K, 0% used [0x0000000776e00000,0x0000000776e00000,0x0000000778000000)
 ParOldGen       total 170496K, used 19051K [0x00000006c1c00000, 0x00000006cc280000, 0x000000076b400000)
  object space 170496K, 11% used [0x00000006c1c00000,0x00000006c2e9ac48,0x00000006cc280000)
 Metaspace       used 51308K, capacity 53470K, committed 53632K, reserved 1095680K
  class space    used 6870K, capacity 7282K, committed 7296K, reserved 1048576K
}
Event: 883.902 GC heap before
{Heap before GC invocations=11 (full 2):
 PSYoungGen      total 198656K, used 108846K [0x000000076b400000, 0x0000000779200000, 0x00000007c0000000)
  eden space 188928K, 52% used [0x000000076b400000,0x000000077152fbf0,0x0000000776c80000)
  from space 9728K, 95% used [0x0000000778880000,0x000000077919bfb8,0x0000000779200000)
  to   space 18432K, 0% used [0x0000000776e00000,0x0000000776e00000,0x0000000778000000)
 ParOldGen       total 170496K, used 19051K [0x00000006c1c00000, 0x00000006cc280000, 0x000000076b400000)
  object space 170496K, 11% used [0x00000006c1c00000,0x00000006c2e9ac48,0x00000006cc280000)
 Metaspace       used 51428K, capacity 53578K, committed 53632K, reserved 1095680K
  class space    used 6885K, capacity 7291K, committed 7296K, reserved 1048576K
Event: 883.909 GC heap after
Heap after GC invocations=11 (full 2):
 PSYoungGen      total 195072K, used 5896K [0x000000076b400000, 0x0000000778f80000, 0x00000007c0000000)
  eden space 188928K, 0% used [0x000000076b400000,0x000000076b400000,0x0000000776c80000)
  from space 6144K, 95% used [0x0000000776e00000,0x00000007773c2040,0x0000000777400000)
  to   space 17920K, 0% used [0x0000000777e00000,0x0000000777e00000,0x0000000778f80000)
 ParOldGen       total 170496K, used 19059K [0x00000006c1c00000, 0x00000006cc280000, 0x000000076b400000)
  object space 170496K, 11% used [0x00000006c1c00000,0x00000006c2e9cc48,0x00000006cc280000)
 Metaspace       used 51428K, capacity 53578K, committed 53632K, reserved 1095680K
  class space    used 6885K, capacity 7291K, committed 7296K, reserved 1048576K
}
Event: 883.909 GC heap before
{Heap before GC invocations=12 (full 3):
 PSYoungGen      total 195072K, used 5896K [0x000000076b400000, 0x0000000778f80000, 0x00000007c0000000)
  eden space 188928K, 0% used [0x000000076b400000,0x000000076b400000,0x0000000776c80000)
  from space 6144K, 95% used [0x0000000776e00000,0x00000007773c2040,0x0000000777400000)
  to   space 17920K, 0% used [0x0000000777e00000,0x0000000777e00000,0x0000000778f80000)
 ParOldGen       total 170496K, used 19059K [0x00000006c1c00000, 0x00000006cc280000, 0x000000076b400000)
  object space 170496K, 11% used [0x00000006c1c00000,0x00000006c2e9cc48,0x00000006cc280000)
 Metaspace       used 51428K, capacity 53578K, committed 53632K, reserved 1095680K
  class space    used 6885K, capacity 7291K, committed 7296K, reserved 1048576K
Event: 884.045 GC heap after
Heap after GC invocations=12 (full 3):
 PSYoungGen      total 195072K, used 0K [0x000000076b400000, 0x0000000778f80000, 0x00000007c0000000)
  eden space 188928K, 0% used [0x000000076b400000,0x000000076b400000,0x0000000776c80000)
  from space 6144K, 0% used [0x0000000776e00000,0x0000000776e00000,0x0000000777400000)
  to   space 17920K, 0% used [0x0000000777e00000,0x0000000777e00000,0x0000000778f80000)
 ParOldGen       total 170496K, used 19837K [0x00000006c1c00000, 0x00000006cc280000, 0x000000076b400000)
  object space 170496K, 11% used [0x00000006c1c00000,0x00000006c2f5f508,0x00000006cc280000)
 Metaspace       used 51424K, capacity 53566K, committed 53632K, reserved 1095680K
  class space    used 6884K, capacity 7289K, committed 7296K, reserved 1048576K
}

