# JRE version: Java(TM) SE Runtime Environment (8.0_201-b09) (build 1.8.0_201-b09)
# Java VM: Java HotSpot(TM) 64-Bit Server VM (25.201-b09 mixed mode windows-amd64 compressed oops)
Heap:
 PSYoungGen      total 211456K, used 7348K [0x000000076b400000, 0x0000000779580000, 0x00000007c0000000)
  eden space 193024K, 3% used [0x000000076b400000,0x000000076bb2d370,0x0000000777080000)
  from space 18432K, 0% used [0x0000000778380000,0x0000000778380000,0x0000000779580000)
  to   space 18944K, 0% used [0x0000000777080000,0x0000000777080000,0x0000000778300000)
 ParOldGen       total 171008K, used 20880K [0x00000006c1c00000, 0x00000006cc300000, 0x000000076b400000)
  object space 171008K, 12% used [0x00000006c1c00000,0x00000006c3064220,0x00000006cc300000)
 Metaspace       used 49544K, capacity 51632K, committed 51712K, reserved 1093632K
  class space    used 6705K, capacity 7099K, committed 7168K, reserved 1048576K
GC Heap History (10 events):
Event: 3.281 GC heap before
{Heap before GC invocations=7 (full 1):
 PSYoungGen      total 134656K, used 114716K [0x000000076b400000, 0x0000000775880000, 0x00000007c0000000)
  eden space 123904K, 83% used [0x000000076b400000,0x000000077198c790,0x0000000772d00000)
  from space 10752K, 99% used [0x0000000772d00000,0x000000077377aa90,0x0000000773780000)
  to   space 14336K, 0% used [0x0000000774a80000,0x0000000774a80000,0x0000000775880000)
 ParOldGen       total 107008K, used 10144K [0x00000006c1c00000, 0x00000006c8480000, 0x000000076b400000)
  object space 107008K, 9% used [0x00000006c1c00000,0x00000006c25e8068,0x00000006c8480000)
 Metaspace       used 33962K, capacity 35412K, committed 35456K, reserved 1079296K
  class space    used 4438K, capacity 4721K, committed 4736K, reserved 1048576K
Event: 3.289 GC heap after
Heap after GC invocations=7 (full 1):
 PSYoungGen      total 151040K, used 14322K [0x000000076b400000, 0x0000000778380000, 0x00000007c0000000)
  eden space 136704K, 0% used [0x000000076b400000,0x000000076b400000,0x0000000773980000)
  from space 14336K, 99% used [0x0000000774a80000,0x000000077587cb48,0x0000000775880000)
  to   space 17408K, 0% used [0x0000000773980000,0x0000000773980000,0x0000000774a80000)
 ParOldGen       total 107008K, used 10514K [0x00000006c1c00000, 0x00000006c8480000, 0x000000076b400000)
  object space 107008K, 9% used [0x00000006c1c00000,0x00000006c2644888,0x00000006c8480000)
 Metaspace       used 33962K, capacity 35412K, committed 35456K, reserved 1079296K
  class space    used 4438K, capacity 4721K, committed 4736K, reserved 1048576K
}
Event: 3.289 GC heap before
{Heap before GC invocations=8 (full 2):
 PSYoungGen      total 151040K, used 14322K [0x000000076b400000, 0x0000000778380000, 0x00000007c0000000)
  eden space 136704K, 0% used [0x000000076b400000,0x000000076b400000,0x0000000773980000)
  from space 14336K, 99% used [0x0000000774a80000,0x000000077587cb48,0x0000000775880000)
  to   space 17408K, 0% used [0x0000000773980000,0x0000000773980000,0x0000000774a80000)
 ParOldGen       total 107008K, used 10514K [0x00000006c1c00000, 0x00000006c8480000, 0x000000076b400000)
  object space 107008K, 9% used [0x00000006c1c00000,0x00000006c2644888,0x00000006c8480000)
 Metaspace       used 33962K, capacity 35412K, committed 35456K, reserved 1079296K
  class space    used 4438K, capacity 4721K, committed 4736K, reserved 1048576K
Event: 3.329 GC heap after
Heap after GC invocations=8 (full 2):
 PSYoungGen      total 151040K, used 0K [0x000000076b400000, 0x0000000778380000, 0x00000007c0000000)
  eden space 136704K, 0% used [0x000000076b400000,0x000000076b400000,0x0000000773980000)
  from space 14336K, 0% used [0x0000000774a80000,0x0000000774a80000,0x0000000775880000)
  to   space 17408K, 0% used [0x0000000773980000,0x0000000773980000,0x0000000774a80000)
 ParOldGen       total 171008K, used 19128K [0x00000006c1c00000, 0x00000006cc300000, 0x000000076b400000)
  object space 171008K, 11% used [0x00000006c1c00000,0x00000006c2eae140,0x00000006cc300000)
 Metaspace       used 33962K, capacity 35412K, committed 35456K, reserved 1079296K
  class space    used 4438K, capacity 4721K, committed 4736K, reserved 1048576K
}
Event: 4.897 GC heap before
{Heap before GC invocations=9 (full 2):
 PSYoungGen      total 151040K, used 136704K [0x000000076b400000, 0x0000000778380000, 0x00000007c0000000)
  eden space 136704K, 100% used [0x000000076b400000,0x0000000773980000,0x0000000773980000)
  from space 14336K, 0% used [0x0000000774a80000,0x0000000774a80000,0x0000000775880000)
  to   space 17408K, 0% used [0x0000000773980000,0x0000000773980000,0x0000000774a80000)
 ParOldGen       total 171008K, used 19128K [0x00000006c1c00000, 0x00000006cc300000, 0x000000076b400000)
  object space 171008K, 11% used [0x00000006c1c00000,0x00000006c2eae140,0x00000006cc300000)
 Metaspace       used 47089K, capacity 49000K, committed 49152K, reserved 1091584K
  class space    used 6399K, capacity 6801K, committed 6912K, reserved 1048576K
Event: 4.907 GC heap after
Heap after GC invocations=9 (full 2):
 PSYoungGen      total 154112K, used 15479K [0x000000076b400000, 0x0000000779680000, 0x00000007c0000000)
  eden space 136704K, 0% used [0x000000076b400000,0x000000076b400000,0x0000000773980000)
  from space 17408K, 88% used [0x0000000773980000,0x000000077489de60,0x0000000774a80000)
  to   space 19456K, 0% used [0x0000000778380000,0x0000000778380000,0x0000000779680000)
 ParOldGen       total 171008K, used 19136K [0x00000006c1c00000, 0x00000006cc300000, 0x000000076b400000)
  object space 171008K, 11% used [0x00000006c1c00000,0x00000006c2eb0140,0x00000006cc300000)
 Metaspace       used 47089K, capacity 49000K, committed 49152K, reserved 1091584K
  class space    used 6399K, capacity 6801K, committed 6912K, reserved 1048576K
}
Event: 225.785 GC heap before
{Heap before GC invocations=10 (full 2):
 PSYoungGen      total 154112K, used 92827K [0x000000076b400000, 0x0000000779680000, 0x00000007c0000000)
  eden space 136704K, 56% used [0x000000076b400000,0x000000076ff89038,0x0000000773980000)
  from space 17408K, 88% used [0x0000000773980000,0x000000077489de60,0x0000000774a80000)
  to   space 19456K, 0% used [0x0000000778380000,0x0000000778380000,0x0000000779680000)
 ParOldGen       total 171008K, used 19136K [0x00000006c1c00000, 0x00000006cc300000, 0x000000076b400000)
  object space 171008K, 11% used [0x00000006c1c00000,0x00000006c2eb0140,0x00000006cc300000)
 Metaspace       used 49539K, capacity 51626K, committed 51712K, reserved 1093632K
  class space    used 6702K, capacity 7097K, committed 7168K, reserved 1048576K
Event: 225.790 GC heap after
Heap after GC invocations=10 (full 2):
 PSYoungGen      total 211456K, used 7001K [0x000000076b400000, 0x0000000779580000, 0x00000007c0000000)
  eden space 193024K, 0% used [0x000000076b400000,0x000000076b400000,0x0000000777080000)
  from space 18432K, 37% used [0x0000000778380000,0x0000000778a56610,0x0000000779580000)
  to   space 18944K, 0% used [0x0000000777080000,0x0000000777080000,0x0000000778300000)
 ParOldGen       total 171008K, used 19144K [0x00000006c1c00000, 0x00000006cc300000, 0x000000076b400000)
  object space 171008K, 11% used [0x00000006c1c00000,0x00000006c2eb2140,0x00000006cc300000)
 Metaspace       used 49539K, capacity 51626K, committed 51712K, reserved 1093632K
  class space    used 6702K, capacity 7097K, committed 7168K, reserved 1048576K
}
Event: 225.790 GC heap before
{Heap before GC invocations=11 (full 3):
 PSYoungGen      total 211456K, used 7001K [0x000000076b400000, 0x0000000779580000, 0x00000007c0000000)
  eden space 193024K, 0% used [0x000000076b400000,0x000000076b400000,0x0000000777080000)
  from space 18432K, 37% used [0x0000000778380000,0x0000000778a56610,0x0000000779580000)
  to   space 18944K, 0% used [0x0000000777080000,0x0000000777080000,0x0000000778300000)
 ParOldGen       total 171008K, used 19144K [0x00000006c1c00000, 0x00000006cc300000, 0x000000076b400000)
  object space 171008K, 11% used [0x00000006c1c00000,0x00000006c2eb2140,0x00000006cc300000)
 Metaspace       used 49539K, capacity 51626K, committed 51712K, reserved 1093632K
  class space    used 6702K, capacity 7097K, committed 7168K, reserved 1048576K
Event: 225.895 GC heap after
Heap after GC invocations=11 (full 3):
 PSYoungGen      total 211456K, used 0K [0x000000076b400000, 0x0000000779580000, 0x00000007c0000000)
  eden space 193024K, 0% used [0x000000076b400000,0x000000076b400000,0x0000000777080000)
  from space 18432K, 0% used [0x0000000778380000,0x0000000778380000,0x0000000779580000)
  to   space 18944K, 0% used [0x0000000777080000,0x0000000777080000,0x0000000778300000)
 ParOldGen       total 171008K, used 20880K [0x00000006c1c00000, 0x00000006cc300000, 0x000000076b400000)
  object space 171008K, 12% used [0x00000006c1c00000,0x00000006c3064220,0x00000006cc300000)
 Metaspace       used 49539K, capacity 51626K, committed 51712K, reserved 1093632K
  class space    used 6702K, capacity 7097K, committed 7168K, reserved 1048576K
}

