# JRE version: Java(TM) SE Runtime Environment (8.0_201-b09) (build 1.8.0_201-b09)
# Java VM: Java HotSpot(TM) 64-Bit Server VM (25.201-b09 mixed mode windows-amd64 compressed oops)
Heap:
 PSYoungGen      total 290304K, used 7473K [0x000000076b400000, 0x0000000783b80000, 0x00000007c0000000)
  eden space 273408K, 2% used [0x000000076b400000,0x000000076bb4c530,0x000000077bf00000)
  from space 16896K, 0% used [0x000000077d100000,0x000000077d100000,0x000000077e180000)
  to   space 18432K, 0% used [0x000000077bf00000,0x000000077bf00000,0x000000077d100000)
 ParOldGen       total 181760K, used 28269K [0x00000006c1c00000, 0x00000006ccd80000, 0x000000076b400000)
  object space 181760K, 15% used [0x00000006c1c00000,0x00000006c379b608,0x00000006ccd80000)
 Metaspace       used 47296K, capacity 49246K, committed 49408K, reserved 1091584K
  class space    used 6440K, capacity 6827K, committed 6912K, reserved 1048576K
GC Heap History (10 events):
Event: 2.295 GC heap before
{Heap before GC invocations=5 (full 1):
 PSYoungGen      total 141824K, used 131072K [0x000000076b400000, 0x000000077c900000, 0x00000007c0000000)
  eden space 131072K, 100% used [0x000000076b400000,0x0000000773400000,0x0000000773400000)
  from space 10752K, 0% used [0x0000000773400000,0x0000000773400000,0x0000000773e80000)
  to   space 10752K, 0% used [0x000000077be80000,0x000000077be80000,0x000000077c900000)
 ParOldGen       total 108544K, used 9743K [0x00000006c1c00000, 0x00000006c8600000, 0x000000076b400000)
  object space 108544K, 8% used [0x00000006c1c00000,0x00000006c2583c40,0x00000006c8600000)
 Metaspace       used 27000K, capacity 27826K, committed 28032K, reserved 1073152K
  class space    used 3508K, capacity 3710K, committed 3712K, reserved 1048576K
Event: 2.302 GC heap after
Heap after GC invocations=5 (full 1):
 PSYoungGen      total 200704K, used 9052K [0x000000076b400000, 0x000000077c780000, 0x00000007c0000000)
  eden space 191488K, 0% used [0x000000076b400000,0x000000076b400000,0x0000000776f00000)
  from space 9216K, 98% used [0x000000077be80000,0x000000077c757048,0x000000077c780000)
  to   space 10752K, 0% used [0x000000077b280000,0x000000077b280000,0x000000077bd00000)
 ParOldGen       total 108544K, used 9815K [0x00000006c1c00000, 0x00000006c8600000, 0x000000076b400000)
  object space 108544K, 9% used [0x00000006c1c00000,0x00000006c2595c50,0x00000006c8600000)
 Metaspace       used 27000K, capacity 27826K, committed 28032K, reserved 1073152K
  class space    used 3508K, capacity 3710K, committed 3712K, reserved 1048576K
}
Event: 3.301 GC heap before
{Heap before GC invocations=6 (full 1):
 PSYoungGen      total 200704K, used 146456K [0x000000076b400000, 0x000000077c780000, 0x00000007c0000000)
  eden space 191488K, 71% used [0x000000076b400000,0x0000000773a2f0c8,0x0000000776f00000)
  from space 9216K, 98% used [0x000000077be80000,0x000000077c757048,0x000000077c780000)
  to   space 10752K, 0% used [0x000000077b280000,0x000000077b280000,0x000000077bd00000)
 ParOldGen       total 108544K, used 9815K [0x00000006c1c00000, 0x00000006c8600000, 0x000000076b400000)
  object space 108544K, 9% used [0x00000006c1c00000,0x00000006c2595c50,0x00000006c8600000)
 Metaspace       used 33956K, capacity 35412K, committed 35456K, reserved 1079296K
  class space    used 4432K, capacity 4721K, committed 4736K, reserved 1048576K
Event: 3.313 GC heap after
Heap after GC invocations=6 (full 1):
 PSYoungGen      total 271360K, used 10742K [0x000000076b400000, 0x000000077e180000, 0x00000007c0000000)
  eden space 260608K, 0% used [0x000000076b400000,0x000000076b400000,0x000000077b280000)
  from space 10752K, 99% used [0x000000077b280000,0x000000077bcfdac8,0x000000077bd00000)
  to   space 16896K, 0% used [0x000000077d100000,0x000000077d100000,0x000000077e180000)
 ParOldGen       total 108544K, used 14908K [0x00000006c1c00000, 0x00000006c8600000, 0x000000076b400000)
  object space 108544K, 13% used [0x00000006c1c00000,0x00000006c2a8f208,0x00000006c8600000)
 Metaspace       used 33956K, capacity 35412K, committed 35456K, reserved 1079296K
  class space    used 4432K, capacity 4721K, committed 4736K, reserved 1048576K
}
Event: 3.313 GC heap before
{Heap before GC invocations=7 (full 2):
 PSYoungGen      total 271360K, used 10742K [0x000000076b400000, 0x000000077e180000, 0x00000007c0000000)
  eden space 260608K, 0% used [0x000000076b400000,0x000000076b400000,0x000000077b280000)
  from space 10752K, 99% used [0x000000077b280000,0x000000077bcfdac8,0x000000077bd00000)
  to   space 16896K, 0% used [0x000000077d100000,0x000000077d100000,0x000000077e180000)
 ParOldGen       total 108544K, used 14908K [0x00000006c1c00000, 0x00000006c8600000, 0x000000076b400000)
  object space 108544K, 13% used [0x00000006c1c00000,0x00000006c2a8f208,0x00000006c8600000)
 Metaspace       used 33956K, capacity 35412K, committed 35456K, reserved 1079296K
  class space    used 4432K, capacity 4721K, committed 4736K, reserved 1048576K
Event: 3.374 GC heap after
Heap after GC invocations=7 (full 2):
 PSYoungGen      total 271360K, used 0K [0x000000076b400000, 0x000000077e180000, 0x00000007c0000000)
  eden space 260608K, 0% used [0x000000076b400000,0x000000076b400000,0x000000077b280000)
  from space 10752K, 0% used [0x000000077b280000,0x000000077b280000,0x000000077bd00000)
  to   space 16896K, 0% used [0x000000077d100000,0x000000077d100000,0x000000077e180000)
 ParOldGen       total 181760K, used 20017K [0x00000006c1c00000, 0x00000006ccd80000, 0x000000076b400000)
  object space 181760K, 11% used [0x00000006c1c00000,0x00000006c2f8c708,0x00000006ccd80000)
 Metaspace       used 33956K, capacity 35412K, committed 35456K, reserved 1079296K
  class space    used 4432K, capacity 4721K, committed 4736K, reserved 1048576K
}
Event: 57.634 GC heap before
{Heap before GC invocations=8 (full 2):
 PSYoungGen      total 271360K, used 195699K [0x000000076b400000, 0x000000077e180000, 0x00000007c0000000)
  eden space 260608K, 75% used [0x000000076b400000,0x000000077731cd88,0x000000077b280000)
  from space 10752K, 0% used [0x000000077b280000,0x000000077b280000,0x000000077bd00000)
  to   space 16896K, 0% used [0x000000077d100000,0x000000077d100000,0x000000077e180000)
 ParOldGen       total 181760K, used 20017K [0x00000006c1c00000, 0x00000006ccd80000, 0x000000076b400000)
  object space 181760K, 11% used [0x00000006c1c00000,0x00000006c2f8c708,0x00000006ccd80000)
 Metaspace       used 47293K, capacity 49246K, committed 49408K, reserved 1091584K
  class space    used 6438K, capacity 6827K, committed 6912K, reserved 1048576K
Event: 57.648 GC heap after
Heap after GC invocations=8 (full 2):
 PSYoungGen      total 290304K, used 15101K [0x000000076b400000, 0x0000000783b80000, 0x00000007c0000000)
  eden space 273408K, 0% used [0x000000076b400000,0x000000076b400000,0x000000077bf00000)
  from space 16896K, 89% used [0x000000077d100000,0x000000077dfbf4f0,0x000000077e180000)
  to   space 18432K, 0% used [0x000000077bf00000,0x000000077bf00000,0x000000077d100000)
 ParOldGen       total 181760K, used 20025K [0x00000006c1c00000, 0x00000006ccd80000, 0x000000076b400000)
  object space 181760K, 11% used [0x00000006c1c00000,0x00000006c2f8e708,0x00000006ccd80000)
 Metaspace       used 47293K, capacity 49246K, committed 49408K, reserved 1091584K
  class space    used 6438K, capacity 6827K, committed 6912K, reserved 1048576K
}
Event: 57.648 GC heap before
{Heap before GC invocations=9 (full 3):
 PSYoungGen      total 290304K, used 15101K [0x000000076b400000, 0x0000000783b80000, 0x00000007c0000000)
  eden space 273408K, 0% used [0x000000076b400000,0x000000076b400000,0x000000077bf00000)
  from space 16896K, 89% used [0x000000077d100000,0x000000077dfbf4f0,0x000000077e180000)
  to   space 18432K, 0% used [0x000000077bf00000,0x000000077bf00000,0x000000077d100000)
 ParOldGen       total 181760K, used 20025K [0x00000006c1c00000, 0x00000006ccd80000, 0x000000076b400000)
  object space 181760K, 11% used [0x00000006c1c00000,0x00000006c2f8e708,0x00000006ccd80000)
 Metaspace       used 47293K, capacity 49246K, committed 49408K, reserved 1091584K
  class space    used 6438K, capacity 6827K, committed 6912K, reserved 1048576K
Event: 57.750 GC heap after
Heap after GC invocations=9 (full 3):
 PSYoungGen      total 290304K, used 0K [0x000000076b400000, 0x0000000783b80000, 0x00000007c0000000)
  eden space 273408K, 0% used [0x000000076b400000,0x000000076b400000,0x000000077bf00000)
  from space 16896K, 0% used [0x000000077d100000,0x000000077d100000,0x000000077e180000)
  to   space 18432K, 0% used [0x000000077bf00000,0x000000077bf00000,0x000000077d100000)
 ParOldGen       total 181760K, used 28269K [0x00000006c1c00000, 0x00000006ccd80000, 0x000000076b400000)
  object space 181760K, 15% used [0x00000006c1c00000,0x00000006c379b608,0x00000006ccd80000)
 Metaspace       used 47293K, capacity 49246K, committed 49408K, reserved 1091584K
  class space    used 6438K, capacity 6827K, committed 6912K, reserved 1048576K
}

