# JRE version: Java(TM) SE Runtime Environment (8.0_201-b09) (build 1.8.0_201-b09)
# Java VM: Java HotSpot(TM) 64-Bit Server VM (25.201-b09 mixed mode windows-amd64 compressed oops)
Heap:
 PSYoungGen      total 207872K, used 5020K [0x000000076b400000, 0x0000000779200000, 0x00000007c0000000)
  eden space 189440K, 2% used [0x000000076b400000,0x000000076b8e7168,0x0000000776d00000)
  from space 18432K, 0% used [0x0000000778000000,0x0000000778000000,0x0000000779200000)
  to   space 18944K, 0% used [0x0000000776d00000,0x0000000776d00000,0x0000000777f80000)
 ParOldGen       total 174080K, used 21719K [0x00000006c1c00000, 0x00000006cc600000, 0x000000076b400000)
  object space 174080K, 12% used [0x00000006c1c00000,0x00000006c3135e48,0x00000006cc600000)
 Metaspace       used 50406K, capacity 52500K, committed 52608K, reserved 1095680K
  class space    used 6805K, capacity 7208K, committed 7296K, reserved 1048576K
GC Heap History (10 events):
Event: 3.223 GC heap before
{Heap before GC invocations=7 (full 1):
 PSYoungGen      total 134656K, used 114867K [0x000000076b400000, 0x0000000775600000, 0x00000007c0000000)
  eden space 123904K, 84% used [0x000000076b400000,0x00000007719b31e0,0x0000000772d00000)
  from space 10752K, 99% used [0x0000000772d00000,0x0000000773779a88,0x0000000773780000)
  to   space 14336K, 0% used [0x0000000774800000,0x0000000774800000,0x0000000775600000)
 ParOldGen       total 109056K, used 9978K [0x00000006c1c00000, 0x00000006c8680000, 0x000000076b400000)
  object space 109056K, 9% used [0x00000006c1c00000,0x00000006c25beba8,0x00000006c8680000)
 Metaspace       used 33958K, capacity 35404K, committed 35456K, reserved 1079296K
  class space    used 4431K, capacity 4719K, committed 4736K, reserved 1048576K
Event: 3.233 GC heap after
Heap after GC invocations=7 (full 1):
 PSYoungGen      total 148480K, used 14319K [0x000000076b400000, 0x0000000778600000, 0x00000007c0000000)
  eden space 134144K, 0% used [0x000000076b400000,0x000000076b400000,0x0000000773700000)
  from space 14336K, 99% used [0x0000000774800000,0x00000007755fbc40,0x0000000775600000)
  to   space 17408K, 0% used [0x0000000773700000,0x0000000773700000,0x0000000774800000)
 ParOldGen       total 109056K, used 10392K [0x00000006c1c00000, 0x00000006c8680000, 0x000000076b400000)
  object space 109056K, 9% used [0x00000006c1c00000,0x00000006c26260b0,0x00000006c8680000)
 Metaspace       used 33958K, capacity 35404K, committed 35456K, reserved 1079296K
  class space    used 4431K, capacity 4719K, committed 4736K, reserved 1048576K
}
Event: 3.233 GC heap before
{Heap before GC invocations=8 (full 2):
 PSYoungGen      total 148480K, used 14319K [0x000000076b400000, 0x0000000778600000, 0x00000007c0000000)
  eden space 134144K, 0% used [0x000000076b400000,0x000000076b400000,0x0000000773700000)
  from space 14336K, 99% used [0x0000000774800000,0x00000007755fbc40,0x0000000775600000)
  to   space 17408K, 0% used [0x0000000773700000,0x0000000773700000,0x0000000774800000)
 ParOldGen       total 109056K, used 10392K [0x00000006c1c00000, 0x00000006c8680000, 0x000000076b400000)
  object space 109056K, 9% used [0x00000006c1c00000,0x00000006c26260b0,0x00000006c8680000)
 Metaspace       used 33958K, capacity 35404K, committed 35456K, reserved 1079296K
  class space    used 4431K, capacity 4719K, committed 4736K, reserved 1048576K
Event: 3.274 GC heap after
Heap after GC invocations=8 (full 2):
 PSYoungGen      total 148480K, used 0K [0x000000076b400000, 0x0000000778600000, 0x00000007c0000000)
  eden space 134144K, 0% used [0x000000076b400000,0x000000076b400000,0x0000000773700000)
  from space 14336K, 0% used [0x0000000774800000,0x0000000774800000,0x0000000775600000)
  to   space 17408K, 0% used [0x0000000773700000,0x0000000773700000,0x0000000774800000)
 ParOldGen       total 174080K, used 19159K [0x00000006c1c00000, 0x00000006cc600000, 0x000000076b400000)
  object space 174080K, 11% used [0x00000006c1c00000,0x00000006c2eb5e90,0x00000006cc600000)
 Metaspace       used 33958K, capacity 35404K, committed 35456K, reserved 1079296K
  class space    used 4431K, capacity 4719K, committed 4736K, reserved 1048576K
}
Event: 4.871 GC heap before
{Heap before GC invocations=9 (full 2):
 PSYoungGen      total 148480K, used 134144K [0x000000076b400000, 0x0000000778600000, 0x00000007c0000000)
  eden space 134144K, 100% used [0x000000076b400000,0x0000000773700000,0x0000000773700000)
  from space 14336K, 0% used [0x0000000774800000,0x0000000774800000,0x0000000775600000)
  to   space 17408K, 0% used [0x0000000773700000,0x0000000773700000,0x0000000774800000)
 ParOldGen       total 174080K, used 19159K [0x00000006c1c00000, 0x00000006cc600000, 0x000000076b400000)
  object space 174080K, 11% used [0x00000006c1c00000,0x00000006c2eb5e90,0x00000006cc600000)
 Metaspace       used 46711K, capacity 48564K, committed 48768K, reserved 1091584K
  class space    used 6348K, capacity 6701K, committed 6784K, reserved 1048576K
Event: 4.885 GC heap after
Heap after GC invocations=9 (full 2):
 PSYoungGen      total 151552K, used 15656K [0x000000076b400000, 0x0000000779300000, 0x00000007c0000000)
  eden space 134144K, 0% used [0x000000076b400000,0x000000076b400000,0x0000000773700000)
  from space 17408K, 89% used [0x0000000773700000,0x000000077464a280,0x0000000774800000)
  to   space 19456K, 0% used [0x0000000778000000,0x0000000778000000,0x0000000779300000)
 ParOldGen       total 174080K, used 19167K [0x00000006c1c00000, 0x00000006cc600000, 0x000000076b400000)
  object space 174080K, 11% used [0x00000006c1c00000,0x00000006c2eb7e90,0x00000006cc600000)
 Metaspace       used 46711K, capacity 48564K, committed 48768K, reserved 1091584K
  class space    used 6348K, capacity 6701K, committed 6784K, reserved 1048576K
}
Event: 443.721 GC heap before
{Heap before GC invocations=10 (full 2):
 PSYoungGen      total 151552K, used 132710K [0x000000076b400000, 0x0000000779300000, 0x00000007c0000000)
  eden space 134144K, 87% used [0x000000076b400000,0x000000077264f948,0x0000000773700000)
  from space 17408K, 89% used [0x0000000773700000,0x000000077464a280,0x0000000774800000)
  to   space 19456K, 0% used [0x0000000778000000,0x0000000778000000,0x0000000779300000)
 ParOldGen       total 174080K, used 19167K [0x00000006c1c00000, 0x00000006cc600000, 0x000000076b400000)
  object space 174080K, 11% used [0x00000006c1c00000,0x00000006c2eb7e90,0x00000006cc600000)
 Metaspace       used 50404K, capacity 52502K, committed 52608K, reserved 1095680K
  class space    used 6804K, capacity 7209K, committed 7296K, reserved 1048576K
Event: 443.729 GC heap after
Heap after GC invocations=10 (full 2):
 PSYoungGen      total 207872K, used 8038K [0x000000076b400000, 0x0000000779200000, 0x00000007c0000000)
  eden space 189440K, 0% used [0x000000076b400000,0x000000076b400000,0x0000000776d00000)
  from space 18432K, 43% used [0x0000000778000000,0x00000007787d9b78,0x0000000779200000)
  to   space 18944K, 0% used [0x0000000776d00000,0x0000000776d00000,0x0000000777f80000)
 ParOldGen       total 174080K, used 19175K [0x00000006c1c00000, 0x00000006cc600000, 0x000000076b400000)
  object space 174080K, 11% used [0x00000006c1c00000,0x00000006c2eb9e90,0x00000006cc600000)
 Metaspace       used 50404K, capacity 52502K, committed 52608K, reserved 1095680K
  class space    used 6804K, capacity 7209K, committed 7296K, reserved 1048576K
}
Event: 443.729 GC heap before
{Heap before GC invocations=11 (full 3):
 PSYoungGen      total 207872K, used 8038K [0x000000076b400000, 0x0000000779200000, 0x00000007c0000000)
  eden space 189440K, 0% used [0x000000076b400000,0x000000076b400000,0x0000000776d00000)
  from space 18432K, 43% used [0x0000000778000000,0x00000007787d9b78,0x0000000779200000)
  to   space 18944K, 0% used [0x0000000776d00000,0x0000000776d00000,0x0000000777f80000)
 ParOldGen       total 174080K, used 19175K [0x00000006c1c00000, 0x00000006cc600000, 0x000000076b400000)
  object space 174080K, 11% used [0x00000006c1c00000,0x00000006c2eb9e90,0x00000006cc600000)
 Metaspace       used 50404K, capacity 52502K, committed 52608K, reserved 1095680K
  class space    used 6804K, capacity 7209K, committed 7296K, reserved 1048576K
Event: 443.835 GC heap after
Heap after GC invocations=11 (full 3):
 PSYoungGen      total 207872K, used 0K [0x000000076b400000, 0x0000000779200000, 0x00000007c0000000)
  eden space 189440K, 0% used [0x000000076b400000,0x000000076b400000,0x0000000776d00000)
  from space 18432K, 0% used [0x0000000778000000,0x0000000778000000,0x0000000779200000)
  to   space 18944K, 0% used [0x0000000776d00000,0x0000000776d00000,0x0000000777f80000)
 ParOldGen       total 174080K, used 21719K [0x00000006c1c00000, 0x00000006cc600000, 0x000000076b400000)
  object space 174080K, 12% used [0x00000006c1c00000,0x00000006c3135e48,0x00000006cc600000)
 Metaspace       used 50402K, capacity 52500K, committed 52608K, reserved 1095680K
  class space    used 6803K, capacity 7208K, committed 7296K, reserved 1048576K
}

