# JRE version: Java(TM) SE Runtime Environment (8.0_201-b09) (build 1.8.0_201-b09)
# Java VM: Java HotSpot(TM) 64-Bit Server VM (25.201-b09 mixed mode windows-amd64 compressed oops)
Heap:
 PSYoungGen      total 135168K, used 4988K [0x000000076b400000, 0x0000000777600000, 0x00000007c0000000)
  eden space 128000K, 3% used [0x000000076b400000,0x000000076b8df258,0x0000000773100000)
  from space 7168K, 0% used [0x0000000775b00000,0x0000000775b00000,0x0000000776200000)
  to   space 17920K, 0% used [0x0000000776480000,0x0000000776480000,0x0000000777600000)
 ParOldGen       total 181248K, used 20906K [0x00000006c1c00000, 0x00000006ccd00000, 0x000000076b400000)
  object space 181248K, 11% used [0x00000006c1c00000,0x00000006c306a8c8,0x00000006ccd00000)
 Metaspace       used 51822K, capacity 53980K, committed 54272K, reserved 1095680K
  class space    used 6940K, capacity 7339K, committed 7424K, reserved 1048576K
GC Heap History (10 events):
Event: 4.198 GC heap before
{Heap before GC invocations=8 (full 2):
 PSYoungGen      total 144896K, used 14311K [0x000000076b400000, 0x0000000777e80000, 0x00000007c0000000)
  eden space 130560K, 0% used [0x000000076b400000,0x000000076b400000,0x0000000773380000)
  from space 14336K, 99% used [0x0000000774480000,0x0000000775279ef8,0x0000000775280000)
  to   space 17408K, 0% used [0x0000000773380000,0x0000000773380000,0x0000000774480000)
 ParOldGen       total 110592K, used 10214K [0x00000006c1c00000, 0x00000006c8800000, 0x000000076b400000)
  object space 110592K, 9% used [0x00000006c1c00000,0x00000006c25f9be8,0x00000006c8800000)
 Metaspace       used 33957K, capacity 35412K, committed 35456K, reserved 1079296K
  class space    used 4435K, capacity 4721K, committed 4736K, reserved 1048576K
Event: 4.248 GC heap after
Heap after GC invocations=8 (full 2):
 PSYoungGen      total 144896K, used 0K [0x000000076b400000, 0x0000000777e80000, 0x00000007c0000000)
  eden space 130560K, 0% used [0x000000076b400000,0x000000076b400000,0x0000000773380000)
  from space 14336K, 0% used [0x0000000774480000,0x0000000774480000,0x0000000775280000)
  to   space 17408K, 0% used [0x0000000773380000,0x0000000773380000,0x0000000774480000)
 ParOldGen       total 181248K, used 19207K [0x00000006c1c00000, 0x00000006ccd00000, 0x000000076b400000)
  object space 181248K, 10% used [0x00000006c1c00000,0x00000006c2ec1f88,0x00000006ccd00000)
 Metaspace       used 33957K, capacity 35412K, committed 35456K, reserved 1079296K
  class space    used 4435K, capacity 4721K, committed 4736K, reserved 1048576K
}
Event: 6.473 GC heap before
{Heap before GC invocations=9 (full 2):
 PSYoungGen      total 144896K, used 130560K [0x000000076b400000, 0x0000000777e80000, 0x00000007c0000000)
  eden space 130560K, 100% used [0x000000076b400000,0x0000000773380000,0x0000000773380000)
  from space 14336K, 0% used [0x0000000774480000,0x0000000774480000,0x0000000775280000)
  to   space 17408K, 0% used [0x0000000773380000,0x0000000773380000,0x0000000774480000)
 ParOldGen       total 181248K, used 19207K [0x00000006c1c00000, 0x00000006ccd00000, 0x000000076b400000)
  object space 181248K, 10% used [0x00000006c1c00000,0x00000006c2ec1f88,0x00000006ccd00000)
 Metaspace       used 46549K, capacity 48396K, committed 48512K, reserved 1091584K
  class space    used 6324K, capacity 6691K, committed 6784K, reserved 1048576K
Event: 6.485 GC heap after
Heap after GC invocations=9 (full 2):
 PSYoungGen      total 147968K, used 15234K [0x000000076b400000, 0x0000000778880000, 0x00000007c0000000)
  eden space 130560K, 0% used [0x000000076b400000,0x000000076b400000,0x0000000773380000)
  from space 17408K, 87% used [0x0000000773380000,0x0000000774260900,0x0000000774480000)
  to   space 19456K, 0% used [0x0000000777580000,0x0000000777580000,0x0000000778880000)
 ParOldGen       total 181248K, used 19215K [0x00000006c1c00000, 0x00000006ccd00000, 0x000000076b400000)
  object space 181248K, 10% used [0x00000006c1c00000,0x00000006c2ec3f88,0x00000006ccd00000)
 Metaspace       used 46549K, capacity 48396K, committed 48512K, reserved 1091584K
  class space    used 6324K, capacity 6691K, committed 6784K, reserved 1048576K
}
Event: 537.859 GC heap before
{Heap before GC invocations=10 (full 2):
 PSYoungGen      total 147968K, used 145794K [0x000000076b400000, 0x0000000778880000, 0x00000007c0000000)
  eden space 130560K, 100% used [0x000000076b400000,0x0000000773380000,0x0000000773380000)
  from space 17408K, 87% used [0x0000000773380000,0x0000000774260900,0x0000000774480000)
  to   space 19456K, 0% used [0x0000000777580000,0x0000000777580000,0x0000000778880000)
 ParOldGen       total 181248K, used 19215K [0x00000006c1c00000, 0x00000006ccd00000, 0x000000076b400000)
  object space 181248K, 10% used [0x00000006c1c00000,0x00000006c2ec3f88,0x00000006ccd00000)
 Metaspace       used 50552K, capacity 52646K, committed 52864K, reserved 1095680K
  class space    used 6800K, capacity 7210K, committed 7296K, reserved 1048576K
Event: 537.869 GC heap after
Heap after GC invocations=10 (full 2):
 PSYoungGen      total 137728K, used 9304K [0x000000076b400000, 0x0000000777f00000, 0x00000007c0000000)
  eden space 128000K, 0% used [0x000000076b400000,0x000000076b400000,0x0000000773100000)
  from space 9728K, 95% used [0x0000000777580000,0x0000000777e960c0,0x0000000777f00000)
  to   space 18432K, 0% used [0x0000000775b00000,0x0000000775b00000,0x0000000776d00000)
 ParOldGen       total 181248K, used 19223K [0x00000006c1c00000, 0x00000006ccd00000, 0x000000076b400000)
  object space 181248K, 10% used [0x00000006c1c00000,0x00000006c2ec5f88,0x00000006ccd00000)
 Metaspace       used 50552K, capacity 52646K, committed 52864K, reserved 1095680K
  class space    used 6800K, capacity 7210K, committed 7296K, reserved 1048576K
}
Event: 986.829 GC heap before
{Heap before GC invocations=11 (full 2):
 PSYoungGen      total 137728K, used 104809K [0x000000076b400000, 0x0000000777f00000, 0x00000007c0000000)
  eden space 128000K, 74% used [0x000000076b400000,0x0000000771144658,0x0000000773100000)
  from space 9728K, 95% used [0x0000000777580000,0x0000000777e960c0,0x0000000777f00000)
  to   space 18432K, 0% used [0x0000000775b00000,0x0000000775b00000,0x0000000776d00000)
 ParOldGen       total 181248K, used 19223K [0x00000006c1c00000, 0x00000006ccd00000, 0x000000076b400000)
  object space 181248K, 10% used [0x00000006c1c00000,0x00000006c2ec5f88,0x00000006ccd00000)
 Metaspace       used 51821K, capacity 53988K, committed 54272K, reserved 1095680K
  class space    used 6939K, capacity 7340K, committed 7424K, reserved 1048576K
Event: 986.836 GC heap after
Heap after GC invocations=11 (full 2):
 PSYoungGen      total 135168K, used 7064K [0x000000076b400000, 0x0000000777600000, 0x00000007c0000000)
  eden space 128000K, 0% used [0x000000076b400000,0x000000076b400000,0x0000000773100000)
  from space 7168K, 98% used [0x0000000775b00000,0x00000007761e6228,0x0000000776200000)
  to   space 17920K, 0% used [0x0000000776480000,0x0000000776480000,0x0000000777600000)
 ParOldGen       total 181248K, used 19231K [0x00000006c1c00000, 0x00000006ccd00000, 0x000000076b400000)
  object space 181248K, 10% used [0x00000006c1c00000,0x00000006c2ec7f88,0x00000006ccd00000)
 Metaspace       used 51821K, capacity 53988K, committed 54272K, reserved 1095680K
  class space    used 6939K, capacity 7340K, committed 7424K, reserved 1048576K
}
Event: 986.836 GC heap before
{Heap before GC invocations=12 (full 3):
 PSYoungGen      total 135168K, used 7064K [0x000000076b400000, 0x0000000777600000, 0x00000007c0000000)
  eden space 128000K, 0% used [0x000000076b400000,0x000000076b400000,0x0000000773100000)
  from space 7168K, 98% used [0x0000000775b00000,0x00000007761e6228,0x0000000776200000)
  to   space 17920K, 0% used [0x0000000776480000,0x0000000776480000,0x0000000777600000)
 ParOldGen       total 181248K, used 19231K [0x00000006c1c00000, 0x00000006ccd00000, 0x000000076b400000)
  object space 181248K, 10% used [0x00000006c1c00000,0x00000006c2ec7f88,0x00000006ccd00000)
 Metaspace       used 51821K, capacity 53988K, committed 54272K, reserved 1095680K
  class space    used 6939K, capacity 7340K, committed 7424K, reserved 1048576K
Event: 986.951 GC heap after
Heap after GC invocations=12 (full 3):
 PSYoungGen      total 135168K, used 0K [0x000000076b400000, 0x0000000777600000, 0x00000007c0000000)
  eden space 128000K, 0% used [0x000000076b400000,0x000000076b400000,0x0000000773100000)
  from space 7168K, 0% used [0x0000000775b00000,0x0000000775b00000,0x0000000776200000)
  to   space 17920K, 0% used [0x0000000776480000,0x0000000776480000,0x0000000777600000)
 ParOldGen       total 181248K, used 20906K [0x00000006c1c00000, 0x00000006ccd00000, 0x000000076b400000)
  object space 181248K, 11% used [0x00000006c1c00000,0x00000006c306a8c8,0x00000006ccd00000)
 Metaspace       used 51816K, capacity 53974K, committed 54272K, reserved 1095680K
  class space    used 6937K, capacity 7337K, committed 7424K, reserved 1048576K
}

