# JRE version: Java(TM) SE Runtime Environment (8.0_201-b09) (build 1.8.0_201-b09)
# Java VM: Java HotSpot(TM) 64-Bit Server VM (25.201-b09 mixed mode windows-amd64 compressed oops)
Heap:
 PSYoungGen      total 159744K, used 4645K [0x000000076b400000, 0x0000000777300000, 0x00000007c0000000)
  eden space 156672K, 2% used [0x000000076b400000,0x000000076b889570,0x0000000774d00000)
  from space 3072K, 0% used [0x0000000775480000,0x0000000775480000,0x0000000775780000)
  to   space 18432K, 0% used [0x0000000776100000,0x0000000776100000,0x0000000777300000)
 ParOldGen       total 173056K, used 19650K [0x00000006c1c00000, 0x00000006cc500000, 0x000000076b400000)
  object space 173056K, 11% used [0x00000006c1c00000,0x00000006c2f30898,0x00000006cc500000)
 Metaspace       used 51245K, capacity 53402K, committed 53760K, reserved 1095680K
  class space    used 6872K, capacity 7300K, committed 7424K, reserved 1048576K
GC Heap History (10 events):
Event: 620.354 GC heap before
{Heap before GC invocations=11 (full 2):
 PSYoungGen      total 142848K, used 45730K [0x000000076b400000, 0x0000000778d00000, 0x00000007c0000000)
  eden space 133632K, 27% used [0x000000076b400000,0x000000076d8151a8,0x0000000773680000)
  from space 9216K, 95% used [0x0000000778400000,0x0000000778c93958,0x0000000778d00000)
  to   space 18432K, 0% used [0x0000000776900000,0x0000000776900000,0x0000000777b00000)
 ParOldGen       total 173056K, used 19047K [0x00000006c1c00000, 0x00000006cc500000, 0x000000076b400000)
  object space 173056K, 11% used [0x00000006c1c00000,0x00000006c2e99db0,0x00000006cc500000)
 Metaspace       used 50795K, capacity 52898K, committed 53120K, reserved 1095680K
  class space    used 6855K, capacity 7249K, committed 7296K, reserved 1048576K
Event: 620.362 GC heap after
Heap after GC invocations=11 (full 2):
 PSYoungGen      total 139776K, used 5976K [0x000000076b400000, 0x0000000778480000, 0x00000007c0000000)
  eden space 133632K, 0% used [0x000000076b400000,0x000000076b400000,0x0000000773680000)
  from space 6144K, 97% used [0x0000000776900000,0x0000000776ed6050,0x0000000776f00000)
  to   space 18432K, 0% used [0x0000000777280000,0x0000000777280000,0x0000000778480000)
 ParOldGen       total 173056K, used 19055K [0x00000006c1c00000, 0x00000006cc500000, 0x000000076b400000)
  object space 173056K, 11% used [0x00000006c1c00000,0x00000006c2e9bdb0,0x00000006cc500000)
 Metaspace       used 50795K, capacity 52898K, committed 53120K, reserved 1095680K
  class space    used 6855K, capacity 7249K, committed 7296K, reserved 1048576K
}
Event: 620.362 GC heap before
{Heap before GC invocations=12 (full 3):
 PSYoungGen      total 139776K, used 5976K [0x000000076b400000, 0x0000000778480000, 0x00000007c0000000)
  eden space 133632K, 0% used [0x000000076b400000,0x000000076b400000,0x0000000773680000)
  from space 6144K, 97% used [0x0000000776900000,0x0000000776ed6050,0x0000000776f00000)
  to   space 18432K, 0% used [0x0000000777280000,0x0000000777280000,0x0000000778480000)
 ParOldGen       total 173056K, used 19055K [0x00000006c1c00000, 0x00000006cc500000, 0x000000076b400000)
  object space 173056K, 11% used [0x00000006c1c00000,0x00000006c2e9bdb0,0x00000006cc500000)
 Metaspace       used 50795K, capacity 52898K, committed 53120K, reserved 1095680K
  class space    used 6855K, capacity 7249K, committed 7296K, reserved 1048576K
Event: 620.467 GC heap after
Heap after GC invocations=12 (full 3):
 PSYoungGen      total 139776K, used 0K [0x000000076b400000, 0x0000000778480000, 0x00000007c0000000)
  eden space 133632K, 0% used [0x000000076b400000,0x000000076b400000,0x0000000773680000)
  from space 6144K, 0% used [0x0000000776900000,0x0000000776900000,0x0000000776f00000)
  to   space 18432K, 0% used [0x0000000777280000,0x0000000777280000,0x0000000778480000)
 ParOldGen       total 173056K, used 19869K [0x00000006c1c00000, 0x00000006cc500000, 0x000000076b400000)
  object space 173056K, 11% used [0x00000006c1c00000,0x00000006c2f67708,0x00000006cc500000)
 Metaspace       used 50790K, capacity 52880K, committed 53120K, reserved 1095680K
  class space    used 6853K, capacity 7246K, committed 7296K, reserved 1048576K
}
Event: 659.094 GC heap before
{Heap before GC invocations=13 (full 3):
 PSYoungGen      total 139776K, used 133632K [0x000000076b400000, 0x0000000778480000, 0x00000007c0000000)
  eden space 133632K, 100% used [0x000000076b400000,0x0000000773680000,0x0000000773680000)
  from space 6144K, 0% used [0x0000000776900000,0x0000000776900000,0x0000000776f00000)
  to   space 18432K, 0% used [0x0000000777280000,0x0000000777280000,0x0000000778480000)
 ParOldGen       total 173056K, used 19869K [0x00000006c1c00000, 0x00000006cc500000, 0x000000076b400000)
  object space 173056K, 11% used [0x00000006c1c00000,0x00000006c2f67708,0x00000006cc500000)
 Metaspace       used 51225K, capacity 53396K, committed 53760K, reserved 1095680K
  class space    used 6871K, capacity 7298K, committed 7424K, reserved 1048576K
Event: 659.098 GC heap after
Heap after GC invocations=13 (full 3):
 PSYoungGen      total 161792K, used 4620K [0x000000076b400000, 0x0000000777780000, 0x00000007c0000000)
  eden space 156672K, 0% used [0x000000076b400000,0x000000076b400000,0x0000000774d00000)
  from space 5120K, 90% used [0x0000000777280000,0x0000000777703220,0x0000000777780000)
  to   space 17920K, 0% used [0x0000000775480000,0x0000000775480000,0x0000000776600000)
 ParOldGen       total 173056K, used 19877K [0x00000006c1c00000, 0x00000006cc500000, 0x000000076b400000)
  object space 173056K, 11% used [0x00000006c1c00000,0x00000006c2f69708,0x00000006cc500000)
 Metaspace       used 51225K, capacity 53396K, committed 53760K, reserved 1095680K
  class space    used 6871K, capacity 7298K, committed 7424K, reserved 1048576K
}
Event: 751.678 GC heap before
{Heap before GC invocations=14 (full 3):
 PSYoungGen      total 161792K, used 29574K [0x000000076b400000, 0x0000000777780000, 0x00000007c0000000)
  eden space 156672K, 15% used [0x000000076b400000,0x000000076cc5e830,0x0000000774d00000)
  from space 5120K, 90% used [0x0000000777280000,0x0000000777703220,0x0000000777780000)
  to   space 17920K, 0% used [0x0000000775480000,0x0000000775480000,0x0000000776600000)
 ParOldGen       total 173056K, used 19877K [0x00000006c1c00000, 0x00000006cc500000, 0x000000076b400000)
  object space 173056K, 11% used [0x00000006c1c00000,0x00000006c2f69708,0x00000006cc500000)
 Metaspace       used 51246K, capacity 53402K, committed 53760K, reserved 1095680K
  class space    used 6872K, capacity 7300K, committed 7424K, reserved 1048576K
Event: 751.680 GC heap after
Heap after GC invocations=14 (full 3):
 PSYoungGen      total 159744K, used 2577K [0x000000076b400000, 0x0000000777300000, 0x00000007c0000000)
  eden space 156672K, 0% used [0x000000076b400000,0x000000076b400000,0x0000000774d00000)
  from space 3072K, 83% used [0x0000000775480000,0x00000007757044a0,0x0000000775780000)
  to   space 18432K, 0% used [0x0000000776100000,0x0000000776100000,0x0000000777300000)
 ParOldGen       total 173056K, used 19885K [0x00000006c1c00000, 0x00000006cc500000, 0x000000076b400000)
  object space 173056K, 11% used [0x00000006c1c00000,0x00000006c2f6b708,0x00000006cc500000)
 Metaspace       used 51246K, capacity 53402K, committed 53760K, reserved 1095680K
  class space    used 6872K, capacity 7300K, committed 7424K, reserved 1048576K
}
Event: 751.680 GC heap before
{Heap before GC invocations=15 (full 4):
 PSYoungGen      total 159744K, used 2577K [0x000000076b400000, 0x0000000777300000, 0x00000007c0000000)
  eden space 156672K, 0% used [0x000000076b400000,0x000000076b400000,0x0000000774d00000)
  from space 3072K, 83% used [0x0000000775480000,0x00000007757044a0,0x0000000775780000)
  to   space 18432K, 0% used [0x0000000776100000,0x0000000776100000,0x0000000777300000)
 ParOldGen       total 173056K, used 19885K [0x00000006c1c00000, 0x00000006cc500000, 0x000000076b400000)
  object space 173056K, 11% used [0x00000006c1c00000,0x00000006c2f6b708,0x00000006cc500000)
 Metaspace       used 51246K, capacity 53402K, committed 53760K, reserved 1095680K
  class space    used 6872K, capacity 7300K, committed 7424K, reserved 1048576K
Event: 751.836 GC heap after
Heap after GC invocations=15 (full 4):
 PSYoungGen      total 159744K, used 0K [0x000000076b400000, 0x0000000777300000, 0x00000007c0000000)
  eden space 156672K, 0% used [0x000000076b400000,0x000000076b400000,0x0000000774d00000)
  from space 3072K, 0% used [0x0000000775480000,0x0000000775480000,0x0000000775780000)
  to   space 18432K, 0% used [0x0000000776100000,0x0000000776100000,0x0000000777300000)
 ParOldGen       total 173056K, used 19650K [0x00000006c1c00000, 0x00000006cc500000, 0x000000076b400000)
  object space 173056K, 11% used [0x00000006c1c00000,0x00000006c2f30898,0x00000006cc500000)
 Metaspace       used 51244K, capacity 53396K, committed 53760K, reserved 1095680K
  class space    used 6871K, capacity 7298K, committed 7424K, reserved 1048576K
}

