# JRE version: Java(TM) SE Runtime Environment (8.0_201-b09) (build 1.8.0_201-b09)
# Java VM: Java HotSpot(TM) 64-Bit Server VM (25.201-b09 mixed mode windows-amd64 compressed oops)
Heap:
 PSYoungGen      total 183808K, used 1382K [0x000000076b400000, 0x0000000777880000, 0x00000007c0000000)
  eden space 166400K, 0% used [0x000000076b400000,0x000000076b559808,0x0000000775680000)
  from space 17408K, 0% used [0x0000000775680000,0x0000000775680000,0x0000000776780000)
  to   space 17408K, 0% used [0x0000000776780000,0x0000000776780000,0x0000000777880000)
 ParOldGen       total 174080K, used 20118K [0x00000006c1c00000, 0x00000006cc600000, 0x000000076b400000)
  object space 174080K, 11% used [0x00000006c1c00000,0x00000006c2fa5ba0,0x00000006cc600000)
 Metaspace       used 52804K, capacity 55054K, committed 55296K, reserved 1097728K
  class space    used 6960K, capacity 7387K, committed 7424K, reserved 1048576K
GC Heap History (10 events):
Event: 1412.482 GC heap before
{Heap before GC invocations=13 (full 3):
 PSYoungGen      total 193024K, used 5976K [0x000000076b400000, 0x0000000778200000, 0x00000007c0000000)
  eden space 175104K, 0% used [0x000000076b400000,0x000000076b400000,0x0000000775f00000)
  from space 17920K, 33% used [0x0000000777080000,0x0000000777656050,0x0000000778200000)
  to   space 17920K, 0% used [0x0000000775f00000,0x0000000775f00000,0x0000000777080000)
 ParOldGen       total 174080K, used 19013K [0x00000006c1c00000, 0x00000006cc600000, 0x000000076b400000)
  object space 174080K, 10% used [0x00000006c1c00000,0x00000006c2e91568,0x00000006cc600000)
 Metaspace       used 51851K, capacity 53994K, committed 54272K, reserved 1095680K
  class space    used 6944K, capacity 7341K, committed 7424K, reserved 1048576K
Event: 1412.608 GC heap after
Heap after GC invocations=13 (full 3):
 PSYoungGen      total 193024K, used 0K [0x000000076b400000, 0x0000000778200000, 0x00000007c0000000)
  eden space 175104K, 0% used [0x000000076b400000,0x000000076b400000,0x0000000775f00000)
  from space 17920K, 0% used [0x0000000777080000,0x0000000777080000,0x0000000778200000)
  to   space 17920K, 0% used [0x0000000775f00000,0x0000000775f00000,0x0000000777080000)
 ParOldGen       total 174080K, used 19885K [0x00000006c1c00000, 0x00000006cc600000, 0x000000076b400000)
  object space 174080K, 11% used [0x00000006c1c00000,0x00000006c2f6b5c8,0x00000006cc600000)
 Metaspace       used 51826K, capacity 53916K, committed 54272K, reserved 1095680K
  class space    used 6936K, capacity 7328K, committed 7424K, reserved 1048576K
}
Event: 1621.474 GC heap before
{Heap before GC invocations=14 (full 3):
 PSYoungGen      total 193024K, used 175104K [0x000000076b400000, 0x0000000778200000, 0x00000007c0000000)
  eden space 175104K, 100% used [0x000000076b400000,0x0000000775f00000,0x0000000775f00000)
  from space 17920K, 0% used [0x0000000777080000,0x0000000777080000,0x0000000778200000)
  to   space 17920K, 0% used [0x0000000775f00000,0x0000000775f00000,0x0000000777080000)
 ParOldGen       total 174080K, used 19885K [0x00000006c1c00000, 0x00000006cc600000, 0x000000076b400000)
  object space 174080K, 11% used [0x00000006c1c00000,0x00000006c2f6b5c8,0x00000006cc600000)
 Metaspace       used 52458K, capacity 54694K, committed 54784K, reserved 1097728K
  class space    used 6957K, capacity 7381K, committed 7424K, reserved 1048576K
Event: 1621.478 GC heap after
Heap after GC invocations=14 (full 3):
 PSYoungGen      total 176128K, used 5504K [0x000000076b400000, 0x0000000777c80000, 0x00000007c0000000)
  eden space 170496K, 0% used [0x000000076b400000,0x000000076b400000,0x0000000775a80000)
  from space 5632K, 97% used [0x0000000775f00000,0x00000007764603d8,0x0000000776480000)
  to   space 17408K, 0% used [0x0000000776b80000,0x0000000776b80000,0x0000000777c80000)
 ParOldGen       total 174080K, used 19893K [0x00000006c1c00000, 0x00000006cc600000, 0x000000076b400000)
  object space 174080K, 11% used [0x00000006c1c00000,0x00000006c2f6d5c8,0x00000006cc600000)
 Metaspace       used 52458K, capacity 54694K, committed 54784K, reserved 1097728K
  class space    used 6957K, capacity 7381K, committed 7424K, reserved 1048576K
}
Event: 2444.109 GC heap before
{Heap before GC invocations=15 (full 3):
 PSYoungGen      total 176128K, used 176000K [0x000000076b400000, 0x0000000777c80000, 0x00000007c0000000)
  eden space 170496K, 100% used [0x000000076b400000,0x0000000775a80000,0x0000000775a80000)
  from space 5632K, 97% used [0x0000000775f00000,0x00000007764603d8,0x0000000776480000)
  to   space 17408K, 0% used [0x0000000776b80000,0x0000000776b80000,0x0000000777c80000)
 ParOldGen       total 174080K, used 19893K [0x00000006c1c00000, 0x00000006cc600000, 0x000000076b400000)
  object space 174080K, 11% used [0x00000006c1c00000,0x00000006c2f6d5c8,0x00000006cc600000)
 Metaspace       used 52781K, capacity 55054K, committed 55296K, reserved 1097728K
  class space    used 6960K, capacity 7387K, committed 7424K, reserved 1048576K
Event: 2444.113 GC heap after
Heap after GC invocations=15 (full 3):
 PSYoungGen      total 179712K, used 4560K [0x000000076b400000, 0x0000000777880000, 0x00000007c0000000)
  eden space 166400K, 0% used [0x000000076b400000,0x000000076b400000,0x0000000775680000)
  from space 13312K, 34% used [0x0000000776b80000,0x0000000776ff40e0,0x0000000777880000)
  to   space 17408K, 0% used [0x0000000775680000,0x0000000775680000,0x0000000776780000)
 ParOldGen       total 174080K, used 19901K [0x00000006c1c00000, 0x00000006cc600000, 0x000000076b400000)
  object space 174080K, 11% used [0x00000006c1c00000,0x00000006c2f6f5c8,0x00000006cc600000)
 Metaspace       used 52781K, capacity 55054K, committed 55296K, reserved 1097728K
  class space    used 6960K, capacity 7387K, committed 7424K, reserved 1048576K
}
Event: 2510.212 GC heap before
{Heap before GC invocations=16 (full 3):
 PSYoungGen      total 179712K, used 22178K [0x000000076b400000, 0x0000000777880000, 0x00000007c0000000)
  eden space 166400K, 10% used [0x000000076b400000,0x000000076c534950,0x0000000775680000)
  from space 13312K, 34% used [0x0000000776b80000,0x0000000776ff40e0,0x0000000777880000)
  to   space 17408K, 0% used [0x0000000775680000,0x0000000775680000,0x0000000776780000)
 ParOldGen       total 174080K, used 19901K [0x00000006c1c00000, 0x00000006cc600000, 0x000000076b400000)
  object space 174080K, 11% used [0x00000006c1c00000,0x00000006c2f6f5c8,0x00000006cc600000)
 Metaspace       used 52804K, capacity 55060K, committed 55296K, reserved 1097728K
  class space    used 6960K, capacity 7389K, committed 7424K, reserved 1048576K
Event: 2510.215 GC heap after
Heap after GC invocations=16 (full 3):
 PSYoungGen      total 183808K, used 3057K [0x000000076b400000, 0x0000000777880000, 0x00000007c0000000)
  eden space 166400K, 0% used [0x000000076b400000,0x000000076b400000,0x0000000775680000)
  from space 17408K, 17% used [0x0000000775680000,0x000000077597c4a0,0x0000000776780000)
  to   space 17408K, 0% used [0x0000000776780000,0x0000000776780000,0x0000000777880000)
 ParOldGen       total 174080K, used 19909K [0x00000006c1c00000, 0x00000006cc600000, 0x000000076b400000)
  object space 174080K, 11% used [0x00000006c1c00000,0x00000006c2f715c8,0x00000006cc600000)
 Metaspace       used 52804K, capacity 55060K, committed 55296K, reserved 1097728K
  class space    used 6960K, capacity 7389K, committed 7424K, reserved 1048576K
}
Event: 2510.215 GC heap before
{Heap before GC invocations=17 (full 4):
 PSYoungGen      total 183808K, used 3057K [0x000000076b400000, 0x0000000777880000, 0x00000007c0000000)
  eden space 166400K, 0% used [0x000000076b400000,0x000000076b400000,0x0000000775680000)
  from space 17408K, 17% used [0x0000000775680000,0x000000077597c4a0,0x0000000776780000)
  to   space 17408K, 0% used [0x0000000776780000,0x0000000776780000,0x0000000777880000)
 ParOldGen       total 174080K, used 19909K [0x00000006c1c00000, 0x00000006cc600000, 0x000000076b400000)
  object space 174080K, 11% used [0x00000006c1c00000,0x00000006c2f715c8,0x00000006cc600000)
 Metaspace       used 52804K, capacity 55060K, committed 55296K, reserved 1097728K
  class space    used 6960K, capacity 7389K, committed 7424K, reserved 1048576K
Event: 2510.390 GC heap after
Heap after GC invocations=17 (full 4):
 PSYoungGen      total 183808K, used 0K [0x000000076b400000, 0x0000000777880000, 0x00000007c0000000)
  eden space 166400K, 0% used [0x000000076b400000,0x000000076b400000,0x0000000775680000)
  from space 17408K, 0% used [0x0000000775680000,0x0000000775680000,0x0000000776780000)
  to   space 17408K, 0% used [0x0000000776780000,0x0000000776780000,0x0000000777880000)
 ParOldGen       total 174080K, used 20118K [0x00000006c1c00000, 0x00000006cc600000, 0x000000076b400000)
  object space 174080K, 11% used [0x00000006c1c00000,0x00000006c2fa5ba0,0x00000006cc600000)
 Metaspace       used 52801K, capacity 55054K, committed 55296K, reserved 1097728K
  class space    used 6960K, capacity 7387K, committed 7424K, reserved 1048576K
}

