# JRE version: Java(TM) SE Runtime Environment (8.0_201-b09) (build 1.8.0_201-b09)
# Java VM: Java HotSpot(TM) 64-Bit Server VM (25.201-b09 mixed mode windows-amd64 compressed oops)
Heap:
 PSYoungGen      total 208896K, used 4963K [0x000000076b400000, 0x0000000779300000, 0x00000007c0000000)
  eden space 190464K, 2% used [0x000000076b400000,0x000000076b8d8d20,0x0000000776e00000)
  from space 18432K, 0% used [0x0000000778100000,0x0000000778100000,0x0000000779300000)
  to   space 18944K, 0% used [0x0000000776e00000,0x0000000776e00000,0x0000000778080000)
 ParOldGen       total 173568K, used 21690K [0x00000006c1c00000, 0x00000006cc580000, 0x000000076b400000)
  object space 173568K, 12% used [0x00000006c1c00000,0x00000006c312eb48,0x00000006cc580000)
 Metaspace       used 50731K, capacity 52766K, committed 53120K, reserved 1095680K
  class space    used 6812K, capacity 7209K, committed 7296K, reserved 1048576K
GC Heap History (10 events):
Event: 2.979 GC heap before
{Heap before GC invocations=7 (full 1):
 PSYoungGen      total 134656K, used 113173K [0x000000076b400000, 0x0000000775780000, 0x00000007c0000000)
  eden space 123904K, 82% used [0x000000076b400000,0x0000000771808110,0x0000000772d00000)
  from space 10752K, 99% used [0x0000000772d00000,0x000000077377d440,0x0000000773780000)
  to   space 14336K, 0% used [0x0000000774980000,0x0000000774980000,0x0000000775780000)
 ParOldGen       total 108032K, used 10080K [0x00000006c1c00000, 0x00000006c8580000, 0x000000076b400000)
  object space 108032K, 9% used [0x00000006c1c00000,0x00000006c25d8218,0x00000006c8580000)
 Metaspace       used 33936K, capacity 35400K, committed 35456K, reserved 1079296K
  class space    used 4430K, capacity 4719K, committed 4736K, reserved 1048576K
Event: 2.988 GC heap after
Heap after GC invocations=7 (full 1):
 PSYoungGen      total 150016K, used 14315K [0x000000076b400000, 0x0000000778600000, 0x00000007c0000000)
  eden space 135680K, 0% used [0x000000076b400000,0x000000076b400000,0x0000000773880000)
  from space 14336K, 99% used [0x0000000774980000,0x000000077577adb8,0x0000000775780000)
  to   space 17408K, 0% used [0x0000000773880000,0x0000000773880000,0x0000000774980000)
 ParOldGen       total 108032K, used 10369K [0x00000006c1c00000, 0x00000006c8580000, 0x000000076b400000)
  object space 108032K, 9% used [0x00000006c1c00000,0x00000006c2620728,0x00000006c8580000)
 Metaspace       used 33936K, capacity 35400K, committed 35456K, reserved 1079296K
  class space    used 4430K, capacity 4719K, committed 4736K, reserved 1048576K
}
Event: 2.988 GC heap before
{Heap before GC invocations=8 (full 2):
 PSYoungGen      total 150016K, used 14315K [0x000000076b400000, 0x0000000778600000, 0x00000007c0000000)
  eden space 135680K, 0% used [0x000000076b400000,0x000000076b400000,0x0000000773880000)
  from space 14336K, 99% used [0x0000000774980000,0x000000077577adb8,0x0000000775780000)
  to   space 17408K, 0% used [0x0000000773880000,0x0000000773880000,0x0000000774980000)
 ParOldGen       total 108032K, used 10369K [0x00000006c1c00000, 0x00000006c8580000, 0x000000076b400000)
  object space 108032K, 9% used [0x00000006c1c00000,0x00000006c2620728,0x00000006c8580000)
 Metaspace       used 33936K, capacity 35400K, committed 35456K, reserved 1079296K
  class space    used 4430K, capacity 4719K, committed 4736K, reserved 1048576K
Event: 3.030 GC heap after
Heap after GC invocations=8 (full 2):
 PSYoungGen      total 150016K, used 0K [0x000000076b400000, 0x0000000778600000, 0x00000007c0000000)
  eden space 135680K, 0% used [0x000000076b400000,0x000000076b400000,0x0000000773880000)
  from space 14336K, 0% used [0x0000000774980000,0x0000000774980000,0x0000000775780000)
  to   space 17408K, 0% used [0x0000000773880000,0x0000000773880000,0x0000000774980000)
 ParOldGen       total 173568K, used 18946K [0x00000006c1c00000, 0x00000006cc580000, 0x000000076b400000)
  object space 173568K, 10% used [0x00000006c1c00000,0x00000006c2e809b8,0x00000006cc580000)
 Metaspace       used 33936K, capacity 35400K, committed 35456K, reserved 1079296K
  class space    used 4430K, capacity 4719K, committed 4736K, reserved 1048576K
}
Event: 4.666 GC heap before
{Heap before GC invocations=9 (full 2):
 PSYoungGen      total 150016K, used 135680K [0x000000076b400000, 0x0000000778600000, 0x00000007c0000000)
  eden space 135680K, 100% used [0x000000076b400000,0x0000000773880000,0x0000000773880000)
  from space 14336K, 0% used [0x0000000774980000,0x0000000774980000,0x0000000775780000)
  to   space 17408K, 0% used [0x0000000773880000,0x0000000773880000,0x0000000774980000)
 ParOldGen       total 173568K, used 18946K [0x00000006c1c00000, 0x00000006cc580000, 0x000000076b400000)
  object space 173568K, 10% used [0x00000006c1c00000,0x00000006c2e809b8,0x00000006cc580000)
 Metaspace       used 47085K, capacity 48966K, committed 49024K, reserved 1091584K
  class space    used 6397K, capacity 6768K, committed 6784K, reserved 1048576K
Event: 4.679 GC heap after
Heap after GC invocations=9 (full 2):
 PSYoungGen      total 153088K, used 15631K [0x000000076b400000, 0x0000000779400000, 0x00000007c0000000)
  eden space 135680K, 0% used [0x000000076b400000,0x000000076b400000,0x0000000773880000)
  from space 17408K, 89% used [0x0000000773880000,0x00000007747c3f50,0x0000000774980000)
  to   space 19456K, 0% used [0x0000000778100000,0x0000000778100000,0x0000000779400000)
 ParOldGen       total 173568K, used 18954K [0x00000006c1c00000, 0x00000006cc580000, 0x000000076b400000)
  object space 173568K, 10% used [0x00000006c1c00000,0x00000006c2e829b8,0x00000006cc580000)
 Metaspace       used 47085K, capacity 48966K, committed 49024K, reserved 1091584K
  class space    used 6397K, capacity 6768K, committed 6784K, reserved 1048576K
}
Event: 216.656 GC heap before
{Heap before GC invocations=10 (full 2):
 PSYoungGen      total 153088K, used 108748K [0x000000076b400000, 0x0000000779400000, 0x00000007c0000000)
  eden space 135680K, 68% used [0x000000076b400000,0x0000000770eef128,0x0000000773880000)
  from space 17408K, 89% used [0x0000000773880000,0x00000007747c3f50,0x0000000774980000)
  to   space 19456K, 0% used [0x0000000778100000,0x0000000778100000,0x0000000779400000)
 ParOldGen       total 173568K, used 18954K [0x00000006c1c00000, 0x00000006cc580000, 0x000000076b400000)
  object space 173568K, 10% used [0x00000006c1c00000,0x00000006c2e829b8,0x00000006cc580000)
 Metaspace       used 50768K, capacity 52876K, committed 53120K, reserved 1095680K
  class space    used 6825K, capacity 7234K, committed 7296K, reserved 1048576K
Event: 216.662 GC heap after
Heap after GC invocations=10 (full 2):
 PSYoungGen      total 208896K, used 8008K [0x000000076b400000, 0x0000000779300000, 0x00000007c0000000)
  eden space 190464K, 0% used [0x000000076b400000,0x000000076b400000,0x0000000776e00000)
  from space 18432K, 43% used [0x0000000778100000,0x00000007788d22a8,0x0000000779300000)
  to   space 18944K, 0% used [0x0000000776e00000,0x0000000776e00000,0x0000000778080000)
 ParOldGen       total 173568K, used 18962K [0x00000006c1c00000, 0x00000006cc580000, 0x000000076b400000)
  object space 173568K, 10% used [0x00000006c1c00000,0x00000006c2e849b8,0x00000006cc580000)
 Metaspace       used 50768K, capacity 52876K, committed 53120K, reserved 1095680K
  class space    used 6825K, capacity 7234K, committed 7296K, reserved 1048576K
}
Event: 216.662 GC heap before
{Heap before GC invocations=11 (full 3):
 PSYoungGen      total 208896K, used 8008K [0x000000076b400000, 0x0000000779300000, 0x00000007c0000000)
  eden space 190464K, 0% used [0x000000076b400000,0x000000076b400000,0x0000000776e00000)
  from space 18432K, 43% used [0x0000000778100000,0x00000007788d22a8,0x0000000779300000)
  to   space 18944K, 0% used [0x0000000776e00000,0x0000000776e00000,0x0000000778080000)
 ParOldGen       total 173568K, used 18962K [0x00000006c1c00000, 0x00000006cc580000, 0x000000076b400000)
  object space 173568K, 10% used [0x00000006c1c00000,0x00000006c2e849b8,0x00000006cc580000)
 Metaspace       used 50768K, capacity 52876K, committed 53120K, reserved 1095680K
  class space    used 6825K, capacity 7234K, committed 7296K, reserved 1048576K
Event: 216.775 GC heap after
Heap after GC invocations=11 (full 3):
 PSYoungGen      total 208896K, used 0K [0x000000076b400000, 0x0000000779300000, 0x00000007c0000000)
  eden space 190464K, 0% used [0x000000076b400000,0x000000076b400000,0x0000000776e00000)
  from space 18432K, 0% used [0x0000000778100000,0x0000000778100000,0x0000000779300000)
  to   space 18944K, 0% used [0x0000000776e00000,0x0000000776e00000,0x0000000778080000)
 ParOldGen       total 173568K, used 21690K [0x00000006c1c00000, 0x00000006cc580000, 0x000000076b400000)
  object space 173568K, 12% used [0x00000006c1c00000,0x00000006c312eb48,0x00000006cc580000)
 Metaspace       used 50727K, capacity 52766K, committed 53120K, reserved 1095680K
  class space    used 6810K, capacity 7209K, committed 7296K, reserved 1048576K
}

